
{"message":"Successfully connected to the database","level":"info","timestamp":"2021-05-11T07:09:16.862Z"}
{"message":"Server is listening localhost: 3000","level":"info","timestamp":"2021-05-11T07:09:28.423Z"}
{"message":"Successfully connected to the database","level":"info","timestamp":"2021-05-11T07:09:28.566Z"}
{"message":"Server is listening localhost: 3000","level":"info","timestamp":"2021-05-11T07:09:50.733Z"}
{"message":"Successfully connected to the database","level":"info","timestamp":"2021-05-11T07:09:50.796Z"}
{"message":"Server is listening localhost: 3000","level":"info","timestamp":"2021-05-11T07:10:11.676Z"}
{"message":"Successfully connected to the database","level":"info","timestamp":"2021-05-11T07:10:11.744Z"}
{"message":"Server is listening localhost: 3000","level":"info","timestamp":"2021-05-11T07:10:39.832Z"}
{"message":"Successfully connected to the database","level":"info","timestamp":"2021-05-11T07:10:39.892Z"}
{"message":"Server is listening localhost: 3000","level":"info","timestamp":"2021-05-11T07:10:48.512Z"}
{"message":"Successfully connected to the database","level":"info","timestamp":"2021-05-11T07:10:48.582Z"}
{"message":"Server is listening localhost: 3000","level":"info","timestamp":"2021-05-11T07:10:58.800Z"}
{"message":"Successfully connected to the database","level":"info","timestamp":"2021-05-11T07:10:58.971Z"}
{"message":"Server is listening localhost: 3000","level":"info","timestamp":"2021-05-11T07:11:33.980Z"}
{"message":"Successfully connected to the database","level":"info","timestamp":"2021-05-11T07:11:34.040Z"}
{"message":"Server is listening localhost: 3000","level":"info","timestamp":"2021-05-11T07:11:50.005Z"}
{"message":"Successfully connected to the database","level":"info","timestamp":"2021-05-11T07:11:50.089Z"}
{"message":"Server is listening localhost: 3000","level":"info","timestamp":"2021-05-11T07:12:08.874Z"}
{"message":"Successfully connected to the database","level":"info","timestamp":"2021-05-11T07:12:08.939Z"}
{"message":"Server is listening localhost: 3000","level":"info","timestamp":"2021-05-11T07:12:13.129Z"}
{"message":"Successfully connected to the database","level":"info","timestamp":"2021-05-11T07:12:13.219Z"}
{"message":"Server is listening localhost: 3000","level":"info","timestamp":"2021-05-11T07:12:33.006Z"}
{"message":"Successfully connected to the database","level":"info","timestamp":"2021-05-11T07:12:33.067Z"}
{"message":"Server is listening localhost: 3000","level":"info","timestamp":"2021-05-11T07:13:03.601Z"}
{"message":"Successfully connected to the database","level":"info","timestamp":"2021-05-11T07:13:03.677Z"}
{"message":"Server is listening localhost: 3000","level":"info","timestamp":"2021-05-11T07:13:11.069Z"}
{"message":"Successfully connected to the database","level":"info","timestamp":"2021-05-11T07:13:11.202Z"}
{"message":"Server is listening localhost: 3000","level":"info","timestamp":"2021-05-11T07:13:14.069Z"}
{"message":"Successfully connected to the database","level":"info","timestamp":"2021-05-11T07:13:14.146Z"}
{"message":"Server is listening localhost: 3000","level":"info","timestamp":"2021-05-11T07:13:48.860Z"}
{"message":"Successfully connected to the database","level":"info","timestamp":"2021-05-11T07:13:48.933Z"}
{"message":"Server is listening localhost: 3000","level":"info","timestamp":"2021-05-11T07:13:53.476Z"}
{"message":"Successfully connected to the database","level":"info","timestamp":"2021-05-11T07:13:53.563Z"}
{"message":"Server is listening localhost: 3000","level":"info","timestamp":"2021-05-11T07:14:15.172Z"}
{"message":"Successfully connected to the database","level":"info","timestamp":"2021-05-11T07:14:15.229Z"}
{"message":"Server is listening localhost: 3000","level":"info","timestamp":"2021-05-11T07:14:41.253Z"}
{"message":"Successfully connected to the database","level":"info","timestamp":"2021-05-11T07:14:41.315Z"}
{"message":"Server is listening localhost: 3000","level":"info","timestamp":"2021-05-11T07:15:00.849Z"}
{"message":"Successfully connected to the database","level":"info","timestamp":"2021-05-11T07:15:00.915Z"}
{"message":"Server is listening localhost: 3000","level":"info","timestamp":"2021-05-11T07:15:08.208Z"}
{"message":"Successfully connected to the database","level":"info","timestamp":"2021-05-11T07:15:08.265Z"}
{"message":"Server is listening localhost: 3000","level":"info","timestamp":"2021-05-11T07:15:13.716Z"}
{"message":"Successfully connected to the database","level":"info","timestamp":"2021-05-11T07:15:13.836Z"}
{"message":"Server is listening localhost: 3000","level":"info","timestamp":"2021-05-11T07:15:56.763Z"}
{"message":"Successfully connected to the database","level":"info","timestamp":"2021-05-11T07:15:56.827Z"}
{"message":"Server is listening localhost: 3000","level":"info","timestamp":"2021-05-11T07:16:02.708Z"}
{"message":"Successfully connected to the database","level":"info","timestamp":"2021-05-11T07:16:02.774Z"}
{"message":"Server is listening localhost: 3000","level":"info","timestamp":"2021-05-11T07:16:08.280Z"}
{"message":"Successfully connected to the database","level":"info","timestamp":"2021-05-11T07:16:08.348Z"}
{"message":"Server is listening localhost: 3000","level":"info","timestamp":"2021-05-11T07:16:16.463Z"}
{"message":"Successfully connected to the database","level":"info","timestamp":"2021-05-11T07:16:16.532Z"}
{"message":"Server is listening localhost: 3000","level":"info","timestamp":"2021-05-11T07:16:21.448Z"}
{"message":"Successfully connected to the database","level":"info","timestamp":"2021-05-11T07:16:21.510Z"}
{"message":"Server is listening localhost: 3000","level":"info","timestamp":"2021-05-11T07:16:26.242Z"}
{"message":"Successfully connected to the database","level":"info","timestamp":"2021-05-11T07:16:26.305Z"}
{"message":"Server is listening localhost: 3000","level":"info","timestamp":"2021-05-11T07:16:32.282Z"}
{"message":"Successfully connected to the database","level":"info","timestamp":"2021-05-11T07:16:32.342Z"}
{"message":"Server is listening localhost: 3000","level":"info","timestamp":"2021-05-11T07:16:37.288Z"}
{"message":"Successfully connected to the database","level":"info","timestamp":"2021-05-11T07:16:37.345Z"}
{"message":"Server is listening localhost: 3000","level":"info","timestamp":"2021-05-11T07:16:56.800Z"}
{"message":"Successfully connected to the database","level":"info","timestamp":"2021-05-11T07:16:56.870Z"}
{"message":"Server is listening localhost: 3000","level":"info","timestamp":"2021-05-11T07:16:59.829Z"}
{"message":"Successfully connected to the database","level":"info","timestamp":"2021-05-11T07:16:59.886Z"}
{"message":"Server is listening localhost: 3000","level":"info","timestamp":"2021-05-11T07:17:03.331Z"}
{"message":"Successfully connected to the database","level":"info","timestamp":"2021-05-11T07:17:03.394Z"}
{"message":"Server is listening localhost: 3000","level":"info","timestamp":"2021-05-11T07:17:06.619Z"}
{"message":"Successfully connected to the database","level":"info","timestamp":"2021-05-11T07:17:06.678Z"}
{"message":"Server is listening localhost: 3000","level":"info","timestamp":"2021-05-11T07:17:11.956Z"}
{"message":"Successfully connected to the database","level":"info","timestamp":"2021-05-11T07:17:12.052Z"}
{"message":"Server is listening localhost: 3000","level":"info","timestamp":"2021-05-11T07:17:47.115Z"}
{"message":"Successfully connected to the database","level":"info","timestamp":"2021-05-11T07:17:47.194Z"}
{"message":"Server is listening localhost: 3000","level":"info","timestamp":"2021-05-11T07:18:03.546Z"}
{"message":"Successfully connected to the database","level":"info","timestamp":"2021-05-11T07:18:03.624Z"}
{"message":"Server is listening localhost: 3000","level":"info","timestamp":"2021-05-11T07:18:09.738Z"}
{"message":"Successfully connected to the database","level":"info","timestamp":"2021-05-11T07:18:09.798Z"}
{"message":"Server is listening localhost: 3000","level":"info","timestamp":"2021-05-11T07:18:23.369Z"}
{"message":"Successfully connected to the database","level":"info","timestamp":"2021-05-11T07:18:23.438Z"}
{"message":"Server is listening localhost: 3000","level":"info","timestamp":"2021-05-11T07:18:37.723Z"}
{"message":"Successfully connected to the database","level":"info","timestamp":"2021-05-11T07:18:37.797Z"}
{"message":"Server is listening localhost: 3000","level":"info","timestamp":"2021-05-11T07:18:49.830Z"}
{"message":"Successfully connected to the database","level":"info","timestamp":"2021-05-11T07:18:49.897Z"}
{"message":"Server is listening localhost: 3000","level":"info","timestamp":"2021-05-11T07:18:52.782Z"}
{"message":"Successfully connected to the database","level":"info","timestamp":"2021-05-11T07:18:52.854Z"}
{"message":"Server is listening localhost: 3000","level":"info","timestamp":"2021-05-11T07:19:00.574Z"}
{"message":"Successfully connected to the database","level":"info","timestamp":"2021-05-11T07:19:00.633Z"}
{"message":"Server is listening localhost: 3000","level":"info","timestamp":"2021-05-11T07:19:11.599Z"}
{"message":"Successfully connected to the database","level":"info","timestamp":"2021-05-11T07:19:11.739Z"}
{"message":"Server is listening localhost: 3000","level":"info","timestamp":"2021-05-11T07:23:24.848Z"}
{"message":"Successfully connected to the database","level":"info","timestamp":"2021-05-11T07:23:24.916Z"}
{"message":"Server is listening localhost: 3000","level":"info","timestamp":"2021-05-11T07:23:41.008Z"}
{"message":"Successfully connected to the database","level":"info","timestamp":"2021-05-11T07:23:41.075Z"}
{"message":"Server is listening localhost: 3000","level":"info","timestamp":"2021-05-11T07:24:10.860Z"}
{"message":"Successfully connected to the database","level":"info","timestamp":"2021-05-11T07:24:10.930Z"}
{"message":"Server is listening localhost: 3000","level":"info","timestamp":"2021-05-11T07:26:50.102Z"}
{"message":"Successfully connected to the database","level":"info","timestamp":"2021-05-11T07:26:50.156Z"}
{"message":"Server is listening localhost: 3000","level":"info","timestamp":"2021-05-11T07:27:08.166Z"}
{"message":"Successfully connected to the database","level":"info","timestamp":"2021-05-11T07:27:08.241Z"}
{"message":"Server is listening localhost: 3000","level":"info","timestamp":"2021-05-11T07:27:53.614Z"}
{"message":"Successfully connected to the database","level":"info","timestamp":"2021-05-11T07:27:53.676Z"}
{"message":"Server is listening localhost: 3000","level":"info","timestamp":"2021-05-11T07:40:53.072Z"}
{"message":"Successfully connected to the database","level":"info","timestamp":"2021-05-11T07:40:53.122Z"}
{"message":"Server is listening localhost: 3000","level":"info","timestamp":"2021-05-11T07:40:58.541Z"}
{"message":"Successfully connected to the database","level":"info","timestamp":"2021-05-11T07:40:58.597Z"}
{"message":"Server is listening localhost: 3000","level":"info","timestamp":"2021-05-11T08:01:10.057Z"}
{"message":"Successfully connected to the database","level":"info","timestamp":"2021-05-11T08:01:10.126Z"}
{"message":"Server is listening localhost: 3000","level":"info","timestamp":"2021-05-11T08:20:36.428Z"}
{"message":"Successfully connected to the database","level":"info","timestamp":"2021-05-11T08:20:36.496Z"}
{"message":"Server is listening localhost: 3000","level":"info","timestamp":"2021-05-11T08:25:16.061Z"}
{"message":"Successfully connected to the database","level":"info","timestamp":"2021-05-11T08:25:16.157Z"}
{"message":"Server is listening localhost: 3000","level":"info","timestamp":"2021-05-11T08:25:21.024Z"}
{"message":"Successfully connected to the database","level":"info","timestamp":"2021-05-11T08:25:21.105Z"}
{"message":"Server is listening localhost: 3000","level":"info","timestamp":"2021-05-11T08:26:12.785Z"}
{"message":"Successfully connected to the database","level":"info","timestamp":"2021-05-11T08:26:12.850Z"}
{"message":"Server is listening localhost: 3000","level":"info","timestamp":"2021-05-11T08:26:22.139Z"}
{"message":"Successfully connected to the database","level":"info","timestamp":"2021-05-11T08:26:22.208Z"}
{"message":"Server is listening localhost: 3000","level":"info","timestamp":"2021-05-11T08:26:25.675Z"}
{"message":"Successfully connected to the database","level":"info","timestamp":"2021-05-11T08:26:25.739Z"}
{"message":"Server is listening localhost: 3000","level":"info","timestamp":"2021-05-11T08:26:37.125Z"}
{"message":"Successfully connected to the database","level":"info","timestamp":"2021-05-11T08:26:37.203Z"}
{"message":"Server is listening localhost: 3000","level":"info","timestamp":"2021-05-11T08:26:41.928Z"}
{"message":"Successfully connected to the database","level":"info","timestamp":"2021-05-11T08:26:42.016Z"}
{"message":"Server is listening localhost: 3000","level":"info","timestamp":"2021-05-11T08:27:38.464Z"}
{"message":"Successfully connected to the database","level":"info","timestamp":"2021-05-11T08:27:38.534Z"}
{"message":"Server is listening localhost: 3000","level":"info","timestamp":"2021-05-11T08:27:44.291Z"}
{"message":"Successfully connected to the database","level":"info","timestamp":"2021-05-11T08:27:44.375Z"}
{"message":"Server is listening localhost: 3000","level":"info","timestamp":"2021-05-11T08:28:00.200Z"}
{"message":"Successfully connected to the database","level":"info","timestamp":"2021-05-11T08:28:00.297Z"}
{"message":"Server is listening localhost: 3000","level":"info","timestamp":"2021-05-11T08:28:14.131Z"}
{"message":"Successfully connected to the database","level":"info","timestamp":"2021-05-11T08:28:14.215Z"}
{"message":"Server is listening localhost: 3000","level":"info","timestamp":"2021-05-11T08:28:24.940Z"}
{"message":"Successfully connected to the database","level":"info","timestamp":"2021-05-11T08:28:25.050Z"}
{"message":"Server is listening localhost: 3000","level":"info","timestamp":"2021-05-11T08:28:45.903Z"}
{"message":"Successfully connected to the database","level":"info","timestamp":"2021-05-11T08:28:45.983Z"}
{"message":"Server is listening localhost: 3000","level":"info","timestamp":"2021-05-11T08:28:50.160Z"}
{"message":"Successfully connected to the database","level":"info","timestamp":"2021-05-11T08:28:50.271Z"}
{"message":"Server is listening localhost: 3000","level":"info","timestamp":"2021-05-11T08:28:58.900Z"}
{"message":"Successfully connected to the database","level":"info","timestamp":"2021-05-11T08:28:58.994Z"}
{"message":"Server is listening localhost: 3000","level":"info","timestamp":"2021-05-11T08:30:58.187Z"}
{"message":"Successfully connected to the database","level":"info","timestamp":"2021-05-11T08:30:58.284Z"}
{"message":"Server is listening localhost: 3000","level":"info","timestamp":"2021-05-11T08:31:36.553Z"}
{"message":"Successfully connected to the database","level":"info","timestamp":"2021-05-11T08:31:36.644Z"}
{"message":"Server is listening localhost: 3000","level":"info","timestamp":"2021-05-11T08:31:51.659Z"}
{"message":"Successfully connected to the database","level":"info","timestamp":"2021-05-11T08:31:51.718Z"}
{"message":"Server is listening localhost: 3000","level":"info","timestamp":"2021-05-11T08:32:54.701Z"}
{"message":"Successfully connected to the database","level":"info","timestamp":"2021-05-11T08:32:54.770Z"}
{"message":"Server is listening localhost: 3000","level":"info","timestamp":"2021-05-11T08:33:39.750Z"}
{"message":"Successfully connected to the database","level":"info","timestamp":"2021-05-11T08:33:39.816Z"}
{"message":"Server is listening localhost: 3000","level":"info","timestamp":"2021-05-11T08:34:06.287Z"}
{"message":"Successfully connected to the database","level":"info","timestamp":"2021-05-11T08:34:06.395Z"}
{"message":"Server is listening localhost: 3000","level":"info","timestamp":"2021-05-11T08:34:11.467Z"}
{"message":"Successfully connected to the database","level":"info","timestamp":"2021-05-11T08:34:11.548Z"}
{"message":"Server is listening localhost: 3000","level":"info","timestamp":"2021-05-11T08:34:28.354Z"}
{"message":"Successfully connected to the database","level":"info","timestamp":"2021-05-11T08:34:28.456Z"}
{"message":"Server is listening localhost: 3000","level":"info","timestamp":"2021-05-11T08:34:34.615Z"}
{"message":"Successfully connected to the database","level":"info","timestamp":"2021-05-11T08:34:34.683Z"}
{"message":"Server is listening localhost: 3000","level":"info","timestamp":"2021-05-11T08:36:32.550Z"}
{"message":"Successfully connected to the database","level":"info","timestamp":"2021-05-11T08:36:32.640Z"}
{"message":"Server is listening localhost: 3000","level":"info","timestamp":"2021-05-11T08:36:36.166Z"}
{"message":"Successfully connected to the database","level":"info","timestamp":"2021-05-11T08:36:36.217Z"}
{"message":"Server is listening localhost: 3000","level":"info","timestamp":"2021-05-11T08:37:47.557Z"}
{"message":"Successfully connected to the database","level":"info","timestamp":"2021-05-11T08:37:47.640Z"}
{"message":"Server is listening localhost: 3000","level":"info","timestamp":"2021-05-11T08:37:58.008Z"}
{"message":"Successfully connected to the database","level":"info","timestamp":"2021-05-11T08:37:58.168Z"}
{"message":"Server is listening localhost: 3000","level":"info","timestamp":"2021-05-11T08:39:29.968Z"}
{"message":"Successfully connected to the database","level":"info","timestamp":"2021-05-11T08:39:30.043Z"}
{"message":"Server is listening localhost: 3000","level":"info","timestamp":"2021-05-11T08:39:39.797Z"}
{"message":"Successfully connected to the database","level":"info","timestamp":"2021-05-11T08:39:39.935Z"}
{"message":"Server is listening localhost: 3000","level":"info","timestamp":"2021-05-11T08:39:52.523Z"}
{"message":"Successfully connected to the database","level":"info","timestamp":"2021-05-11T08:39:52.686Z"}
{"message":"Server is listening localhost: 3000","level":"info","timestamp":"2021-05-11T08:40:27.279Z"}
{"message":"Successfully connected to the database","level":"info","timestamp":"2021-05-11T08:40:27.412Z"}
{"message":"Server is listening localhost: 3000","level":"info","timestamp":"2021-05-11T08:40:58.518Z"}
{"message":"Successfully connected to the database","level":"info","timestamp":"2021-05-11T08:40:58.643Z"}
{"message":"Server is listening localhost: 3000","level":"info","timestamp":"2021-05-11T08:41:23.827Z"}
{"message":"Successfully connected to the database","level":"info","timestamp":"2021-05-11T08:41:24.117Z"}
{"message":"Server is listening localhost: 3000","level":"info","timestamp":"2021-05-11T08:41:50.885Z"}
{"message":"Successfully connected to the database","level":"info","timestamp":"2021-05-11T08:41:50.977Z"}
{"message":"login success!","level":"info","timestamp":"2021-05-11T08:41:52.527Z"}
{"message":"Server is listening localhost: 3000","level":"info","timestamp":"2021-05-11T08:42:25.575Z"}
{"message":"Successfully connected to the database","level":"info","timestamp":"2021-05-11T08:42:25.725Z"}
{"message":"Server is listening localhost: 3000","level":"info","timestamp":"2021-05-11T08:42:32.616Z"}
{"message":"Successfully connected to the database","level":"info","timestamp":"2021-05-11T08:42:32.808Z"}
{"message":"login success!","level":"info","timestamp":"2021-05-11T08:42:33.311Z"}
{"message":"Server is listening localhost: 3000","level":"info","timestamp":"2021-05-11T08:43:22.977Z"}
{"message":"Successfully connected to the database","level":"info","timestamp":"2021-05-11T08:43:23.109Z"}
{"message":"Server is listening localhost: 3000","level":"info","timestamp":"2021-05-11T08:43:50.868Z"}
{"message":"Successfully connected to the database","level":"info","timestamp":"2021-05-11T08:43:51.056Z"}
{"message":"Server is listening localhost: 3000","level":"info","timestamp":"2021-05-11T08:44:00.257Z"}
{"message":"Successfully connected to the database","level":"info","timestamp":"2021-05-11T08:44:00.391Z"}
{"message":"login success!","level":"info","timestamp":"2021-05-11T08:44:07.076Z"}
{"message":"Some error occurred while logging in","level":"error","timestamp":"2021-05-11T08:45:11.470Z"}
{"message":"Server is listening localhost: 3000","level":"info","timestamp":"2021-05-11T08:45:42.906Z"}
{"message":"Successfully connected to the database","level":"info","timestamp":"2021-05-11T08:45:42.988Z"}
{"message":"Server is listening localhost: 3000","level":"info","timestamp":"2021-05-11T08:45:54.076Z"}
{"message":"Successfully connected to the database","level":"info","timestamp":"2021-05-11T08:45:54.157Z"}
{"message":"Server is listening localhost: 3000","level":"info","timestamp":"2021-05-11T08:46:34.755Z"}
{"message":"Successfully connected to the database","level":"info","timestamp":"2021-05-11T08:46:34.877Z"}
{"message":"Server is listening localhost: 3000","level":"info","timestamp":"2021-05-11T08:48:26.690Z"}
{"message":"Successfully connected to the database","level":"info","timestamp":"2021-05-11T08:48:26.736Z"}
{"message":"Server is listening localhost: 3000","level":"info","timestamp":"2021-05-11T08:49:40.511Z"}
{"message":"Successfully connected to the database","level":"info","timestamp":"2021-05-11T08:49:40.574Z"}
{"message":"Server is listening localhost: 3000","level":"info","timestamp":"2021-05-11T08:49:44.534Z"}
{"message":"Successfully connected to the database","level":"info","timestamp":"2021-05-11T08:49:44.592Z"}
{"message":"Server is listening localhost: 3000","level":"info","timestamp":"2021-05-11T08:50:00.266Z"}
{"message":"Successfully connected to the database","level":"info","timestamp":"2021-05-11T08:50:00.366Z"}
{"message":"Server is listening localhost: 3000","level":"info","timestamp":"2021-05-11T08:50:02.658Z"}
{"message":"Successfully connected to the database","level":"info","timestamp":"2021-05-11T08:50:02.707Z"}
{"message":"Server is listening localhost: 3000","level":"info","timestamp":"2021-05-11T08:50:08.071Z"}
{"message":"Successfully connected to the database","level":"info","timestamp":"2021-05-11T08:50:08.119Z"}
{"message":"Server is listening localhost: 3000","level":"info","timestamp":"2021-05-11T08:50:28.201Z"}
{"message":"Successfully connected to the database","level":"info","timestamp":"2021-05-11T08:50:28.275Z"}
{"message":"Server is listening localhost: 3000","level":"info","timestamp":"2021-05-11T08:50:31.315Z"}
{"message":"Successfully connected to the database","level":"info","timestamp":"2021-05-11T08:50:31.362Z"}
{"message":"Server is listening localhost: 3000","level":"info","timestamp":"2021-05-11T08:54:41.300Z"}
{"message":"Successfully connected to the database","level":"info","timestamp":"2021-05-11T08:54:41.358Z"}
{"message":"Server is listening localhost: 3000","level":"info","timestamp":"2021-05-11T08:54:56.255Z"}
{"message":"Successfully connected to the database","level":"info","timestamp":"2021-05-11T08:54:56.304Z"}
{"message":"Server is listening localhost: 3000","level":"info","timestamp":"2021-05-11T08:55:04.473Z"}
{"message":"Successfully connected to the database","level":"info","timestamp":"2021-05-11T08:55:04.525Z"}
{"message":"Server is listening localhost: 3000","level":"info","timestamp":"2021-05-11T08:55:26.773Z"}
{"message":"Successfully connected to the database","level":"info","timestamp":"2021-05-11T08:55:26.821Z"}
{"message":"Server is listening localhost: 3000","level":"info","timestamp":"2021-05-11T08:55:32.290Z"}
{"message":"Successfully connected to the database","level":"info","timestamp":"2021-05-11T08:55:32.344Z"}
{"message":"Server is listening localhost: 3000","level":"info","timestamp":"2021-05-11T08:55:41.263Z"}
{"message":"Successfully connected to the database","level":"info","timestamp":"2021-05-11T08:55:41.324Z"}
{"message":"Server is listening localhost: 3000","level":"info","timestamp":"2021-05-11T08:55:49.118Z"}
{"message":"Successfully connected to the database","level":"info","timestamp":"2021-05-11T08:55:49.187Z"}
{"message":"Server is listening localhost: 3000","level":"info","timestamp":"2021-05-11T08:56:36.665Z"}
{"message":"Successfully connected to the database","level":"info","timestamp":"2021-05-11T08:56:36.716Z"}
{"message":"Server is listening localhost: 3000","level":"info","timestamp":"2021-05-11T08:57:23.672Z"}
{"message":"Successfully connected to the database","level":"info","timestamp":"2021-05-11T08:57:23.736Z"}
{"message":"Server is listening localhost: 3000","level":"info","timestamp":"2021-05-11T08:57:45.160Z"}
{"message":"Successfully connected to the database","level":"info","timestamp":"2021-05-11T08:57:45.213Z"}
{"message":"Server is listening localhost: 3000","level":"info","timestamp":"2021-05-11T08:57:55.275Z"}
{"message":"Successfully connected to the database","level":"info","timestamp":"2021-05-11T08:57:55.329Z"}
{"message":"Server is listening localhost: 3000","level":"info","timestamp":"2021-05-11T09:00:05.226Z"}
{"message":"Successfully connected to the database","level":"info","timestamp":"2021-05-11T09:00:05.301Z"}
{"message":"Server is listening localhost: 3000","level":"info","timestamp":"2021-05-11T09:00:08.101Z"}
{"message":"Successfully connected to the database","level":"info","timestamp":"2021-05-11T09:00:08.162Z"}
{"message":"Server is listening localhost: 3000","level":"info","timestamp":"2021-05-11T09:00:18.703Z"}
{"message":"Successfully connected to the database","level":"info","timestamp":"2021-05-11T09:00:18.761Z"}
{"message":"Server is listening localhost: 3000","level":"info","timestamp":"2021-05-11T09:00:22.582Z"}
{"message":"Successfully connected to the database","level":"info","timestamp":"2021-05-11T09:00:22.653Z"}
{"message":"Server is listening localhost: 3000","level":"info","timestamp":"2021-05-11T09:00:26.316Z"}
{"message":"Successfully connected to the database","level":"info","timestamp":"2021-05-11T09:00:26.380Z"}
{"message":"Server is listening localhost: 3000","level":"info","timestamp":"2021-05-11T09:01:37.738Z"}
{"message":"Successfully connected to the database","level":"info","timestamp":"2021-05-11T09:01:37.795Z"}
{"message":"Server is listening localhost: 3000","level":"info","timestamp":"2021-05-11T09:01:45.546Z"}
{"message":"Successfully connected to the database","level":"info","timestamp":"2021-05-11T09:01:45.613Z"}
{"message":"Server is listening localhost: 3000","level":"info","timestamp":"2021-05-11T09:02:11.157Z"}
{"message":"Successfully connected to the database","level":"info","timestamp":"2021-05-11T09:02:11.226Z"}
{"message":"Server is listening localhost: 3000","level":"info","timestamp":"2021-05-11T09:02:14.228Z"}
{"message":"Successfully connected to the database","level":"info","timestamp":"2021-05-11T09:02:14.297Z"}
{"message":"Server is listening localhost: 3000","level":"info","timestamp":"2021-05-11T09:02:22.518Z"}
{"message":"Successfully connected to the database","level":"info","timestamp":"2021-05-11T09:02:22.590Z"}
{"message":"Server is listening localhost: 3000","level":"info","timestamp":"2021-05-11T09:02:33.359Z"}
{"message":"Successfully connected to the database","level":"info","timestamp":"2021-05-11T09:02:33.424Z"}
{"message":"Server is listening localhost: 3000","level":"info","timestamp":"2021-05-11T09:02:40.732Z"}
{"message":"Successfully connected to the database","level":"info","timestamp":"2021-05-11T09:02:40.811Z"}
{"message":"Server is listening localhost: 3000","level":"info","timestamp":"2021-05-11T09:02:47.220Z"}
{"message":"Successfully connected to the database","level":"info","timestamp":"2021-05-11T09:02:47.291Z"}
{"message":"Server is listening localhost: 3000","level":"info","timestamp":"2021-05-11T09:02:49.946Z"}
{"message":"Successfully connected to the database","level":"info","timestamp":"2021-05-11T09:02:50.008Z"}
{"message":"Server is listening localhost: 3000","level":"info","timestamp":"2021-05-11T09:02:56.176Z"}
{"message":"Successfully connected to the database","level":"info","timestamp":"2021-05-11T09:02:56.254Z"}
{"message":"Server is listening localhost: 3000","level":"info","timestamp":"2021-05-11T09:03:01.637Z"}
{"message":"Successfully connected to the database","level":"info","timestamp":"2021-05-11T09:03:01.742Z"}
{"message":"Server is listening localhost: 3000","level":"info","timestamp":"2021-05-11T09:03:06.777Z"}
{"message":"Successfully connected to the database","level":"info","timestamp":"2021-05-11T09:03:06.855Z"}
{"message":"Server is listening localhost: 3000","level":"info","timestamp":"2021-05-11T09:03:12.405Z"}
{"message":"Successfully connected to the database","level":"info","timestamp":"2021-05-11T09:03:12.492Z"}
{"message":"Server is listening localhost: 3000","level":"info","timestamp":"2021-05-11T09:03:49.629Z"}
{"message":"Successfully connected to the database","level":"info","timestamp":"2021-05-11T09:03:49.808Z"}
{"message":"Server is listening localhost: 3000","level":"info","timestamp":"2021-05-11T09:04:09.638Z"}
{"message":"Successfully connected to the database","level":"info","timestamp":"2021-05-11T09:04:09.701Z"}
{"message":"Server is listening localhost: 3000","level":"info","timestamp":"2021-05-11T09:04:13.453Z"}
{"message":"Successfully connected to the database","level":"info","timestamp":"2021-05-11T09:04:13.532Z"}
{"message":"Server is listening localhost: 3000","level":"info","timestamp":"2021-05-11T09:04:17.635Z"}
{"message":"Successfully connected to the database","level":"info","timestamp":"2021-05-11T09:04:17.702Z"}
{"message":"Server is listening localhost: 3000","level":"info","timestamp":"2021-05-11T09:04:20.489Z"}
{"message":"Successfully connected to the database","level":"info","timestamp":"2021-05-11T09:04:20.550Z"}
{"message":"Server is listening localhost: 3000","level":"info","timestamp":"2021-05-11T09:04:23.859Z"}
{"message":"Successfully connected to the database","level":"info","timestamp":"2021-05-11T09:04:23.924Z"}
{"message":"Server is listening localhost: 3000","level":"info","timestamp":"2021-05-11T09:04:52.687Z"}
{"message":"Successfully connected to the database","level":"info","timestamp":"2021-05-11T09:04:52.743Z"}
{"message":"Server is listening localhost: 3000","level":"info","timestamp":"2021-05-11T09:05:14.952Z"}
{"message":"Successfully connected to the database","level":"info","timestamp":"2021-05-11T09:05:15.033Z"}
{"message":"Server is listening localhost: 3000","level":"info","timestamp":"2021-05-11T09:07:03.684Z"}
{"message":"Successfully connected to the database","level":"info","timestamp":"2021-05-11T09:07:03.738Z"}
{"message":"Server is listening localhost: 3000","level":"info","timestamp":"2021-05-11T09:07:11.516Z"}
{"message":"Successfully connected to the database","level":"info","timestamp":"2021-05-11T09:07:11.576Z"}
{"message":"Server is listening localhost: 3000","level":"info","timestamp":"2021-05-11T09:07:43.714Z"}
{"message":"Successfully connected to the database","level":"info","timestamp":"2021-05-11T09:07:43.767Z"}
{"message":"Server is listening localhost: 3000","level":"info","timestamp":"2021-05-11T09:07:56.588Z"}
{"message":"Successfully connected to the database","level":"info","timestamp":"2021-05-11T09:07:56.641Z"}
{"message":"Server is listening localhost: 3000","level":"info","timestamp":"2021-05-11T09:08:02.015Z"}
{"message":"Server is listening localhost: 3000","level":"info","timestamp":"2021-05-11T09:08:06.114Z"}
{"message":"Successfully connected to the database","level":"info","timestamp":"2021-05-11T09:08:06.172Z"}
{"message":"Server is listening localhost: 3000","level":"info","timestamp":"2021-05-11T09:08:08.595Z"}
{"message":"Successfully connected to the database","level":"info","timestamp":"2021-05-11T09:08:08.650Z"}
{"message":"Server is listening localhost: 3000","level":"info","timestamp":"2021-05-11T09:08:26.456Z"}
{"message":"Successfully connected to the database","level":"info","timestamp":"2021-05-11T09:08:26.513Z"}
{"message":"Server is listening localhost: 3000","level":"info","timestamp":"2021-05-11T09:09:03.422Z"}
{"message":"Successfully connected to the database","level":"info","timestamp":"2021-05-11T09:09:03.478Z"}
{"message":"Server is listening localhost: 3000","level":"info","timestamp":"2021-05-11T09:09:13.260Z"}
{"message":"Successfully connected to the database","level":"info","timestamp":"2021-05-11T09:09:13.316Z"}
{"message":"Server is listening localhost: 3000","level":"info","timestamp":"2021-05-11T09:09:49.196Z"}
{"message":"Successfully connected to the database","level":"info","timestamp":"2021-05-11T09:09:49.255Z"}
{"message":"Server is listening localhost: 3000","level":"info","timestamp":"2021-05-11T09:09:52.688Z"}
{"message":"Successfully connected to the database","level":"info","timestamp":"2021-05-11T09:09:52.742Z"}
{"message":"Server is listening localhost: 3000","level":"info","timestamp":"2021-05-11T09:27:59.309Z"}
{"message":"Successfully connected to the database","level":"info","timestamp":"2021-05-11T09:27:59.360Z"}
{"message":"Server is listening localhost: 3000","level":"info","timestamp":"2021-05-11T09:28:04.826Z"}
{"message":"Successfully connected to the database","level":"info","timestamp":"2021-05-11T09:28:04.881Z"}
{"message":"Server is listening localhost: 3000","level":"info","timestamp":"2021-05-11T09:28:14.852Z"}
{"message":"Successfully connected to the database","level":"info","timestamp":"2021-05-11T09:28:14.899Z"}
{"message":"Server is listening localhost: 3000","level":"info","timestamp":"2021-05-11T09:28:17.527Z"}
{"message":"Successfully connected to the database","level":"info","timestamp":"2021-05-11T09:28:17.581Z"}
{"message":"Server is listening localhost: 3000","level":"info","timestamp":"2021-05-11T09:28:25.576Z"}
{"message":"Successfully connected to the database","level":"info","timestamp":"2021-05-11T09:28:25.624Z"}
{"message":"Server is listening localhost: 3000","level":"info","timestamp":"2021-05-11T09:28:41.383Z"}
{"message":"Successfully connected to the database","level":"info","timestamp":"2021-05-11T09:28:41.432Z"}
{"message":"Server is listening localhost: 3000","level":"info","timestamp":"2021-05-11T09:28:47.412Z"}
{"message":"Successfully connected to the database","level":"info","timestamp":"2021-05-11T09:28:47.463Z"}
{"message":"Server is listening localhost: 3000","level":"info","timestamp":"2021-05-11T09:28:53.614Z"}
{"message":"Successfully connected to the database","level":"info","timestamp":"2021-05-11T09:28:53.664Z"}
{"message":"Server is listening localhost: 3000","level":"info","timestamp":"2021-05-11T09:30:41.551Z"}
{"message":"Successfully connected to the database","level":"info","timestamp":"2021-05-11T09:30:41.614Z"}
{"message":"Server is listening localhost: 3000","level":"info","timestamp":"2021-05-11T09:30:45.467Z"}
{"message":"Successfully connected to the database","level":"info","timestamp":"2021-05-11T09:30:45.515Z"}
{"message":"Server is listening localhost: 3000","level":"info","timestamp":"2021-05-11T09:30:54.074Z"}
{"message":"Successfully connected to the database","level":"info","timestamp":"2021-05-11T09:30:54.137Z"}
{"message":"Server is listening localhost: 3000","level":"info","timestamp":"2021-05-11T09:31:31.445Z"}
{"message":"Successfully connected to the database","level":"info","timestamp":"2021-05-11T09:31:31.494Z"}
{"message":"Server is listening localhost: 3000","level":"info","timestamp":"2021-05-11T09:31:44.101Z"}
{"message":"Successfully connected to the database","level":"info","timestamp":"2021-05-11T09:31:44.160Z"}
{"message":"Server is listening localhost: 3000","level":"info","timestamp":"2021-05-11T09:31:46.663Z"}
{"message":"Successfully connected to the database","level":"info","timestamp":"2021-05-11T09:31:46.716Z"}
{"message":"Server is listening localhost: 3000","level":"info","timestamp":"2021-05-11T09:31:51.315Z"}
{"message":"Successfully connected to the database","level":"info","timestamp":"2021-05-11T09:31:51.376Z"}
{"message":"Server is listening localhost: 3000","level":"info","timestamp":"2021-05-11T09:32:29.453Z"}
{"message":"Successfully connected to the database","level":"info","timestamp":"2021-05-11T09:32:29.507Z"}
{"message":"Server is listening localhost: 3000","level":"info","timestamp":"2021-05-11T09:33:45.088Z"}
{"message":"Successfully connected to the database","level":"info","timestamp":"2021-05-11T09:33:45.165Z"}
{"message":"Server is listening localhost: 3000","level":"info","timestamp":"2021-05-11T09:36:10.722Z"}
{"message":"Successfully connected to the database","level":"info","timestamp":"2021-05-11T09:36:10.781Z"}
{"message":"Server is listening localhost: 3000","level":"info","timestamp":"2021-05-11T09:36:13.762Z"}
{"message":"Successfully connected to the database","level":"info","timestamp":"2021-05-11T09:36:13.841Z"}
{"message":"Server is listening localhost: 3000","level":"info","timestamp":"2021-05-11T09:36:41.372Z"}
{"message":"Successfully connected to the database","level":"info","timestamp":"2021-05-11T09:36:41.432Z"}
{"message":"Server is listening localhost: 3000","level":"info","timestamp":"2021-05-11T09:36:45.015Z"}
{"message":"Successfully connected to the database","level":"info","timestamp":"2021-05-11T09:36:45.071Z"}
{"message":"Server is listening localhost: 3000","level":"info","timestamp":"2021-05-11T09:36:47.911Z"}
{"message":"Successfully connected to the database","level":"info","timestamp":"2021-05-11T09:36:47.962Z"}
{"message":"Server is listening localhost: 3000","level":"info","timestamp":"2021-05-11T09:42:49.246Z"}
{"message":"Successfully connected to the database","level":"info","timestamp":"2021-05-11T09:42:49.309Z"}
{"message":"Server is listening localhost: 3000","level":"info","timestamp":"2021-05-11T09:42:54.196Z"}
{"message":"Successfully connected to the database","level":"info","timestamp":"2021-05-11T09:42:54.273Z"}
{"message":"Server is listening localhost: 3000","level":"info","timestamp":"2021-05-11T09:43:53.574Z"}
{"message":"Successfully connected to the database","level":"info","timestamp":"2021-05-11T09:43:53.634Z"}
{"message":"Server is listening localhost: 3000","level":"info","timestamp":"2021-05-11T09:44:54.524Z"}
{"message":"Successfully connected to the database","level":"info","timestamp":"2021-05-11T09:44:54.588Z"}
{"message":"Server is listening localhost: 3000","level":"info","timestamp":"2021-05-11T09:44:57.911Z"}
{"message":"Successfully connected to the database","level":"info","timestamp":"2021-05-11T09:44:57.971Z"}
{"message":"Server is listening localhost: 3000","level":"info","timestamp":"2021-05-11T09:45:07.804Z"}
{"message":"Successfully connected to the database","level":"info","timestamp":"2021-05-11T09:45:07.865Z"}
{"message":"Server is listening localhost: 3000","level":"info","timestamp":"2021-05-11T09:45:43.482Z"}
{"message":"Successfully connected to the database","level":"info","timestamp":"2021-05-11T09:45:43.538Z"}
{"message":"Server is listening localhost: 3000","level":"info","timestamp":"2021-05-11T09:45:56.852Z"}
{"message":"Successfully connected to the database","level":"info","timestamp":"2021-05-11T09:45:56.910Z"}
{"message":"Server is listening localhost: 3000","level":"info","timestamp":"2021-05-11T09:45:59.358Z"}
{"message":"Successfully connected to the database","level":"info","timestamp":"2021-05-11T09:45:59.459Z"}
{"message":"Server is listening localhost: 3000","level":"info","timestamp":"2021-05-11T09:48:15.050Z"}
{"message":"Successfully connected to the database","level":"info","timestamp":"2021-05-11T09:48:15.110Z"}
{"message":"Server is listening localhost: 3000","level":"info","timestamp":"2021-05-11T09:49:16.533Z"}
{"message":"Successfully connected to the database","level":"info","timestamp":"2021-05-11T09:49:16.594Z"}
{"message":"Server is listening localhost: 3000","level":"info","timestamp":"2021-05-11T09:49:20.518Z"}
{"message":"Successfully connected to the database","level":"info","timestamp":"2021-05-11T09:49:20.581Z"}
{"message":"Server is listening localhost: 3000","level":"info","timestamp":"2021-05-11T09:49:25.635Z"}
{"message":"Successfully connected to the database","level":"info","timestamp":"2021-05-11T09:49:25.697Z"}
{"message":"Server is listening localhost: 3000","level":"info","timestamp":"2021-05-11T09:49:29.954Z"}
{"message":"Successfully connected to the database","level":"info","timestamp":"2021-05-11T09:49:30.057Z"}
{"message":"Server is listening localhost: 3000","level":"info","timestamp":"2021-05-11T09:49:32.292Z"}
{"message":"Server is listening localhost: 3000","level":"info","timestamp":"2021-05-11T09:49:36.878Z"}
{"message":"Successfully connected to the database","level":"info","timestamp":"2021-05-11T09:49:36.943Z"}
{"message":"Server is listening localhost: 3000","level":"info","timestamp":"2021-05-11T09:50:01.405Z"}
{"message":"Successfully connected to the database","level":"info","timestamp":"2021-05-11T09:50:01.469Z"}
{"message":"Server is listening localhost: 3000","level":"info","timestamp":"2021-05-11T09:50:04.443Z"}
{"message":"Successfully connected to the database","level":"info","timestamp":"2021-05-11T09:50:04.504Z"}
{"message":"Server is listening localhost: 3000","level":"info","timestamp":"2021-05-11T09:50:23.250Z"}
{"message":"Successfully connected to the database","level":"info","timestamp":"2021-05-11T09:50:23.316Z"}
{"message":"Server is listening localhost: 3000","level":"info","timestamp":"2021-05-11T09:50:59.892Z"}
{"message":"Successfully connected to the database","level":"info","timestamp":"2021-05-11T09:50:59.958Z"}
{"message":"Server is listening localhost: 3000","level":"info","timestamp":"2021-05-11T09:51:10.041Z"}
{"message":"Successfully connected to the database","level":"info","timestamp":"2021-05-11T09:51:10.112Z"}
{"message":"Server is listening localhost: 3000","level":"info","timestamp":"2021-05-11T09:51:14.274Z"}
{"message":"Successfully connected to the database","level":"info","timestamp":"2021-05-11T09:51:14.339Z"}
{"message":"Server is listening localhost: 3000","level":"info","timestamp":"2021-05-11T09:55:38.307Z"}
{"message":"Successfully connected to the database","level":"info","timestamp":"2021-05-11T09:55:38.369Z"}
{"message":"Server is listening localhost: 3000","level":"info","timestamp":"2021-05-11T09:55:51.496Z"}
{"message":"Successfully connected to the database","level":"info","timestamp":"2021-05-11T09:55:51.556Z"}
{"message":"Server is listening localhost: 3000","level":"info","timestamp":"2021-05-11T09:57:01.549Z"}
{"message":"Successfully connected to the database","level":"info","timestamp":"2021-05-11T09:57:01.616Z"}
{"message":"Server is listening localhost: 3000","level":"info","timestamp":"2021-05-11T09:57:21.895Z"}
{"message":"Successfully connected to the database","level":"info","timestamp":"2021-05-11T09:57:21.967Z"}
{"message":"Server is listening localhost: 3000","level":"info","timestamp":"2021-05-11T09:57:25.398Z"}
{"message":"Successfully connected to the database","level":"info","timestamp":"2021-05-11T09:57:25.466Z"}
{"message":"Server is listening localhost: 3000","level":"info","timestamp":"2021-05-11T09:58:02.592Z"}
{"message":"Successfully connected to the database","level":"info","timestamp":"2021-05-11T09:58:02.656Z"}
{"message":"Server is listening localhost: 3000","level":"info","timestamp":"2021-05-11T09:59:57.117Z"}
{"message":"Successfully connected to the database","level":"info","timestamp":"2021-05-11T09:59:57.172Z"}
{"message":"Server is listening localhost: 3000","level":"info","timestamp":"2021-05-11T10:00:39.180Z"}
{"message":"Successfully connected to the database","level":"info","timestamp":"2021-05-11T10:00:39.239Z"}
{"message":"Server is listening localhost: 3000","level":"info","timestamp":"2021-05-11T10:01:46.101Z"}
{"message":"Successfully connected to the database","level":"info","timestamp":"2021-05-11T10:01:46.171Z"}
{"message":"Server is listening localhost: 3000","level":"info","timestamp":"2021-05-11T10:04:31.676Z"}
{"message":"Successfully connected to the database","level":"info","timestamp":"2021-05-11T10:04:31.761Z"}
{"message":"Server is listening localhost: 3000","level":"info","timestamp":"2021-05-11T10:04:44.488Z"}
{"message":"Successfully connected to the database","level":"info","timestamp":"2021-05-11T10:04:44.567Z"}
{"message":"Server is listening localhost: 3000","level":"info","timestamp":"2021-05-11T10:04:47.306Z"}
{"message":"Successfully connected to the database","level":"info","timestamp":"2021-05-11T10:04:47.394Z"}
{"message":"Server is listening localhost: 3000","level":"info","timestamp":"2021-05-11T10:05:01.242Z"}
{"message":"Successfully connected to the database","level":"info","timestamp":"2021-05-11T10:05:01.385Z"}
{"message":"Server is listening localhost: 3000","level":"info","timestamp":"2021-05-11T10:06:15.132Z"}
{"message":"Successfully connected to the database","level":"info","timestamp":"2021-05-11T10:06:15.210Z"}
{"message":"Server is listening localhost: 3000","level":"info","timestamp":"2021-05-11T10:06:18.141Z"}
{"message":"Successfully connected to the database","level":"info","timestamp":"2021-05-11T10:06:18.201Z"}
{"message":"Server is listening localhost: 3000","level":"info","timestamp":"2021-05-11T10:06:41.022Z"}
{"message":"Successfully connected to the database","level":"info","timestamp":"2021-05-11T10:06:41.088Z"}
{"message":"Server is listening localhost: 3000","level":"info","timestamp":"2021-05-11T10:06:54.953Z"}
{"message":"Successfully connected to the database","level":"info","timestamp":"2021-05-11T10:06:55.012Z"}
{"message":"Server is listening localhost: 3000","level":"info","timestamp":"2021-05-11T10:06:57.701Z"}
{"message":"Successfully connected to the database","level":"info","timestamp":"2021-05-11T10:06:57.763Z"}
{"message":"Server is listening localhost: 3000","level":"info","timestamp":"2021-05-11T10:07:00.915Z"}
{"message":"Successfully connected to the database","level":"info","timestamp":"2021-05-11T10:07:00.975Z"}
{"message":"Server is listening localhost: 3000","level":"info","timestamp":"2021-05-11T10:07:04.087Z"}
{"message":"Successfully connected to the database","level":"info","timestamp":"2021-05-11T10:07:04.153Z"}
{"message":"Server is listening localhost: 3000","level":"info","timestamp":"2021-05-11T10:07:06.698Z"}
{"message":"Successfully connected to the database","level":"info","timestamp":"2021-05-11T10:07:06.759Z"}
{"message":"Server is listening localhost: 3000","level":"info","timestamp":"2021-05-11T10:07:11.486Z"}
{"message":"Successfully connected to the database","level":"info","timestamp":"2021-05-11T10:07:11.551Z"}
{"message":"Server is listening localhost: 3000","level":"info","timestamp":"2021-05-11T10:07:31.950Z"}
{"message":"Successfully connected to the database","level":"info","timestamp":"2021-05-11T10:07:32.029Z"}
{"message":"Server is listening localhost: 3000","level":"info","timestamp":"2021-05-11T10:08:02.514Z"}
{"message":"Successfully connected to the database","level":"info","timestamp":"2021-05-11T10:08:02.583Z"}
{"message":"Server is listening localhost: 3000","level":"info","timestamp":"2021-05-11T10:08:19.157Z"}
{"message":"Successfully connected to the database","level":"info","timestamp":"2021-05-11T10:08:19.217Z"}
{"message":"Server is listening localhost: 3000","level":"info","timestamp":"2021-05-11T10:08:31.597Z"}
{"message":"Successfully connected to the database","level":"info","timestamp":"2021-05-11T10:08:31.672Z"}
{"message":"Server is listening localhost: 3000","level":"info","timestamp":"2021-05-11T10:08:36.189Z"}
{"message":"Successfully connected to the database","level":"info","timestamp":"2021-05-11T10:08:36.271Z"}
{"message":"Server is listening localhost: 3000","level":"info","timestamp":"2021-05-11T10:08:47.891Z"}
{"message":"Successfully connected to the database","level":"info","timestamp":"2021-05-11T10:08:47.949Z"}
{"message":"Server is listening localhost: 3000","level":"info","timestamp":"2021-05-11T10:10:13.280Z"}
{"message":"Successfully connected to the database","level":"info","timestamp":"2021-05-11T10:10:13.367Z"}
{"message":"Server is listening localhost: 3000","level":"info","timestamp":"2021-05-11T10:10:26.276Z"}
{"message":"Successfully connected to the database","level":"info","timestamp":"2021-05-11T10:10:26.343Z"}
{"message":"Server is listening localhost: 3000","level":"info","timestamp":"2021-05-11T10:10:34.898Z"}
{"message":"Successfully connected to the database","level":"info","timestamp":"2021-05-11T10:10:34.964Z"}
{"message":"Server is listening localhost: 3000","level":"info","timestamp":"2021-05-11T10:11:03.859Z"}
{"message":"Successfully connected to the database","level":"info","timestamp":"2021-05-11T10:11:03.927Z"}
{"message":"Server is listening localhost: 3000","level":"info","timestamp":"2021-05-11T10:11:10.565Z"}
{"message":"Successfully connected to the database","level":"info","timestamp":"2021-05-11T10:11:10.621Z"}
{"message":"Server is listening localhost: 3000","level":"info","timestamp":"2021-05-11T10:11:15.305Z"}
{"message":"Successfully connected to the database","level":"info","timestamp":"2021-05-11T10:11:15.363Z"}
{"message":"Server is listening localhost: 3000","level":"info","timestamp":"2021-05-11T10:11:22.689Z"}
{"message":"Successfully connected to the database","level":"info","timestamp":"2021-05-11T10:11:22.763Z"}
{"message":"Server is listening localhost: 3000","level":"info","timestamp":"2021-05-11T10:12:14.257Z"}
{"message":"Successfully connected to the database","level":"info","timestamp":"2021-05-11T10:12:14.321Z"}
{"message":"Server is listening localhost: 3000","level":"info","timestamp":"2021-05-11T10:12:36.258Z"}
{"message":"Successfully connected to the database","level":"info","timestamp":"2021-05-11T10:12:36.317Z"}
{"message":"Server is listening localhost: 3000","level":"info","timestamp":"2021-05-11T10:14:44.301Z"}
{"message":"Successfully connected to the database","level":"info","timestamp":"2021-05-11T10:14:44.369Z"}
{"message":"Server is listening localhost: 3000","level":"info","timestamp":"2021-05-11T10:14:52.542Z"}
{"message":"Successfully connected to the database","level":"info","timestamp":"2021-05-11T10:14:52.600Z"}
{"message":"Server is listening localhost: 3000","level":"info","timestamp":"2021-05-11T10:15:17.721Z"}
{"message":"Successfully connected to the database","level":"info","timestamp":"2021-05-11T10:15:17.792Z"}
{"message":"Server is listening localhost: 3000","level":"info","timestamp":"2021-05-11T10:15:31.676Z"}
{"message":"Successfully connected to the database","level":"info","timestamp":"2021-05-11T10:15:31.739Z"}
{"message":"Server is listening localhost: 3000","level":"info","timestamp":"2021-05-11T10:15:48.468Z"}
{"message":"Successfully connected to the database","level":"info","timestamp":"2021-05-11T10:15:48.536Z"}
{"message":"Server is listening localhost: 3000","level":"info","timestamp":"2021-05-11T10:16:20.895Z"}
{"message":"Successfully connected to the database","level":"info","timestamp":"2021-05-11T10:16:20.961Z"}
{"message":"Server is listening localhost: 3000","level":"info","timestamp":"2021-05-11T10:16:41.036Z"}
{"message":"Successfully connected to the database","level":"info","timestamp":"2021-05-11T10:16:41.099Z"}
{"message":"Server is listening localhost: 3000","level":"info","timestamp":"2021-05-11T10:16:50.509Z"}
{"message":"Successfully connected to the database","level":"info","timestamp":"2021-05-11T10:16:50.575Z"}
{"message":"Server is listening localhost: 3000","level":"info","timestamp":"2021-05-11T10:16:57.467Z"}
{"message":"Successfully connected to the database","level":"info","timestamp":"2021-05-11T10:16:57.531Z"}
{"message":"Server is listening localhost: 3000","level":"info","timestamp":"2021-05-11T10:17:02.295Z"}
{"message":"Successfully connected to the database","level":"info","timestamp":"2021-05-11T10:17:02.392Z"}
{"message":"Server is listening localhost: 3000","level":"info","timestamp":"2021-05-11T10:17:22.595Z"}
{"message":"Successfully connected to the database","level":"info","timestamp":"2021-05-11T10:17:22.661Z"}
{"message":"Server is listening localhost: 3000","level":"info","timestamp":"2021-05-11T10:17:58.159Z"}
{"message":"Successfully connected to the database","level":"info","timestamp":"2021-05-11T10:17:58.216Z"}
{"message":"Server is listening localhost: 3000","level":"info","timestamp":"2021-05-11T10:18:01.023Z"}
{"message":"Successfully connected to the database","level":"info","timestamp":"2021-05-11T10:18:01.082Z"}
{"message":"login success!","level":"info","timestamp":"2021-05-11T10:18:16.360Z"}
{"message":"login success!","level":"info","timestamp":"2021-05-11T10:18:50.381Z"}
{"message":"Server is listening localhost: 3000","level":"info","timestamp":"2021-05-11T10:20:33.347Z"}
{"message":"Successfully connected to the database","level":"info","timestamp":"2021-05-11T10:20:33.445Z"}
{"message":"Server is listening localhost: 3000","level":"info","timestamp":"2021-05-11T10:20:38.006Z"}
{"message":"Successfully connected to the database","level":"info","timestamp":"2021-05-11T10:20:38.079Z"}
{"message":"login success!","level":"info","timestamp":"2021-05-11T10:20:38.626Z"}
{"message":"Server is listening localhost: 3000","level":"info","timestamp":"2021-05-11T10:20:51.852Z"}
{"message":"Successfully connected to the database","level":"info","timestamp":"2021-05-11T10:20:51.928Z"}
{"message":"Server is listening localhost: 3000","level":"info","timestamp":"2021-05-11T10:20:56.067Z"}
{"message":"Successfully connected to the database","level":"info","timestamp":"2021-05-11T10:20:56.149Z"}
{"message":"Server is listening localhost: 3000","level":"info","timestamp":"2021-05-11T10:21:14.127Z"}
{"message":"Successfully connected to the database","level":"info","timestamp":"2021-05-11T10:21:14.225Z"}
{"message":"Server is listening localhost: 3000","level":"info","timestamp":"2021-05-11T10:21:16.465Z"}
{"message":"Successfully connected to the database","level":"info","timestamp":"2021-05-11T10:21:16.523Z"}
{"message":"login success!","level":"info","timestamp":"2021-05-11T10:22:03.918Z"}
{"message":"Server is listening localhost: 3000","level":"info","timestamp":"2021-05-11T10:22:33.402Z"}
{"message":"Successfully connected to the database","level":"info","timestamp":"2021-05-11T10:22:33.449Z"}
{"message":"Server is listening localhost: 3000","level":"info","timestamp":"2021-05-11T10:22:42.949Z"}
{"message":"Successfully connected to the database","level":"info","timestamp":"2021-05-11T10:22:42.999Z"}
{"message":"Server is listening localhost: 3000","level":"info","timestamp":"2021-05-11T10:23:04.414Z"}
{"message":"Successfully connected to the database","level":"info","timestamp":"2021-05-11T10:23:04.464Z"}
{"message":"Server is listening localhost: 3000","level":"info","timestamp":"2021-05-11T10:23:15.749Z"}
{"message":"Successfully connected to the database","level":"info","timestamp":"2021-05-11T10:23:15.799Z"}
{"message":"Server is listening localhost: 3000","level":"info","timestamp":"2021-05-11T10:23:31.778Z"}
{"message":"Successfully connected to the database","level":"info","timestamp":"2021-05-11T10:23:31.828Z"}
{"message":"Server is listening localhost: 3000","level":"info","timestamp":"2021-05-11T10:23:34.504Z"}
{"message":"Successfully connected to the database","level":"info","timestamp":"2021-05-11T10:23:34.591Z"}
{"message":"Server is listening localhost: 3000","level":"info","timestamp":"2021-05-11T10:23:38.785Z"}
{"message":"Successfully connected to the database","level":"info","timestamp":"2021-05-11T10:23:38.834Z"}
{"message":"Server is listening localhost: 3000","level":"info","timestamp":"2021-05-11T10:23:57.239Z"}
{"message":"Successfully connected to the database","level":"info","timestamp":"2021-05-11T10:23:57.295Z"}
{"message":"Server is listening localhost: 3000","level":"info","timestamp":"2021-05-11T10:24:00.728Z"}
{"message":"Successfully connected to the database","level":"info","timestamp":"2021-05-11T10:24:00.788Z"}
{"message":"Server is listening localhost: 3000","level":"info","timestamp":"2021-05-11T10:24:05.283Z"}
{"message":"Successfully connected to the database","level":"info","timestamp":"2021-05-11T10:24:05.339Z"}
{"message":"Server is listening localhost: 3000","level":"info","timestamp":"2021-05-11T10:24:09.907Z"}
{"message":"Successfully connected to the database","level":"info","timestamp":"2021-05-11T10:24:09.957Z"}
{"message":"Server is listening localhost: 3000","level":"info","timestamp":"2021-05-11T10:24:14.451Z"}
{"message":"Successfully connected to the database","level":"info","timestamp":"2021-05-11T10:24:14.498Z"}
{"message":"Server is listening localhost: 3000","level":"info","timestamp":"2021-05-11T10:24:31.665Z"}
{"message":"Successfully connected to the database","level":"info","timestamp":"2021-05-11T10:24:31.718Z"}
{"message":"Server is listening localhost: 3000","level":"info","timestamp":"2021-05-11T10:24:45.097Z"}
{"message":"Successfully connected to the database","level":"info","timestamp":"2021-05-11T10:24:45.149Z"}
{"message":"Server is listening localhost: 3000","level":"info","timestamp":"2021-05-11T10:25:24.392Z"}
{"message":"Successfully connected to the database","level":"info","timestamp":"2021-05-11T10:25:24.441Z"}
{"message":"login success!","level":"info","timestamp":"2021-05-11T10:25:44.203Z"}
{"message":"Server is listening localhost: 3000","level":"info","timestamp":"2021-05-11T10:26:17.667Z"}
{"message":"Successfully connected to the database","level":"info","timestamp":"2021-05-11T10:26:17.717Z"}
{"message":"Server is listening localhost: 3000","level":"info","timestamp":"2021-05-11T10:26:20.328Z"}
{"message":"Successfully connected to the database","level":"info","timestamp":"2021-05-11T10:26:20.377Z"}
{"message":"Server is listening localhost: 3000","level":"info","timestamp":"2021-05-11T10:27:17.953Z"}
{"message":"Successfully connected to the database","level":"info","timestamp":"2021-05-11T10:27:18.009Z"}
{"message":"Server is listening localhost: 3000","level":"info","timestamp":"2021-05-11T10:27:20.352Z"}
{"message":"Successfully connected to the database","level":"info","timestamp":"2021-05-11T10:27:20.412Z"}
{"message":"Server is listening localhost: 3000","level":"info","timestamp":"2021-05-11T10:27:39.280Z"}
{"message":"Successfully connected to the database","level":"info","timestamp":"2021-05-11T10:27:39.335Z"}
{"message":"Server is listening localhost: 3000","level":"info","timestamp":"2021-05-11T10:27:46.678Z"}
{"message":"Successfully connected to the database","level":"info","timestamp":"2021-05-11T10:27:46.747Z"}
{"message":"Server is listening localhost: 3000","level":"info","timestamp":"2021-05-11T10:27:50.654Z"}
{"message":"Successfully connected to the database","level":"info","timestamp":"2021-05-11T10:27:50.704Z"}
{"message":"Server is listening localhost: 3000","level":"info","timestamp":"2021-05-11T10:27:55.043Z"}
{"message":"Successfully connected to the database","level":"info","timestamp":"2021-05-11T10:27:55.100Z"}
{"message":"Server is listening localhost: 3000","level":"info","timestamp":"2021-05-11T10:28:00.576Z"}
{"message":"Successfully connected to the database","level":"info","timestamp":"2021-05-11T10:28:00.632Z"}
{"message":"Server is listening localhost: 3000","level":"info","timestamp":"2021-05-11T10:28:13.253Z"}
{"message":"Successfully connected to the database","level":"info","timestamp":"2021-05-11T10:28:13.373Z"}
{"message":"Server is listening localhost: 3000","level":"info","timestamp":"2021-05-11T10:28:55.598Z"}
{"message":"Successfully connected to the database","level":"info","timestamp":"2021-05-11T10:28:55.668Z"}
{"message":"Server is listening localhost: 3000","level":"info","timestamp":"2021-05-11T10:29:11.820Z"}
{"message":"Successfully connected to the database","level":"info","timestamp":"2021-05-11T10:29:11.885Z"}
{"message":"Server is listening localhost: 3000","level":"info","timestamp":"2021-05-11T10:29:16.076Z"}
{"message":"Successfully connected to the database","level":"info","timestamp":"2021-05-11T10:29:16.139Z"}
{"message":"Server is listening localhost: 3000","level":"info","timestamp":"2021-05-11T10:29:46.574Z"}
{"message":"Successfully connected to the database","level":"info","timestamp":"2021-05-11T10:29:46.628Z"}
{"message":"Server is listening localhost: 3000","level":"info","timestamp":"2021-05-11T10:30:35.662Z"}
{"message":"Successfully connected to the database","level":"info","timestamp":"2021-05-11T10:30:35.716Z"}
{"message":"Server is listening localhost: 3000","level":"info","timestamp":"2021-05-11T10:31:12.181Z"}
{"message":"Successfully connected to the database","level":"info","timestamp":"2021-05-11T10:31:12.249Z"}
{"message":"Server is listening localhost: 3000","level":"info","timestamp":"2021-05-11T10:31:15.443Z"}
{"message":"Successfully connected to the database","level":"info","timestamp":"2021-05-11T10:31:15.506Z"}
{"message":"Server is listening localhost: 3000","level":"info","timestamp":"2021-05-11T10:31:31.276Z"}
{"message":"Successfully connected to the database","level":"info","timestamp":"2021-05-11T10:31:31.346Z"}
{"message":"Server is listening localhost: 3000","level":"info","timestamp":"2021-05-11T10:31:35.145Z"}
{"message":"Successfully connected to the database","level":"info","timestamp":"2021-05-11T10:31:35.209Z"}
{"message":"Server is listening localhost: 3000","level":"info","timestamp":"2021-05-11T10:31:40.197Z"}
{"message":"Successfully connected to the database","level":"info","timestamp":"2021-05-11T10:31:40.261Z"}
{"message":"Server is listening localhost: 3000","level":"info","timestamp":"2021-05-11T10:31:46.842Z"}
{"message":"Successfully connected to the database","level":"info","timestamp":"2021-05-11T10:31:46.901Z"}
{"message":"Server is listening localhost: 3000","level":"info","timestamp":"2021-05-11T10:31:51.344Z"}
{"message":"Successfully connected to the database","level":"info","timestamp":"2021-05-11T10:31:51.398Z"}
{"message":"Server is listening localhost: 3000","level":"info","timestamp":"2021-05-11T10:31:54.294Z"}
{"message":"Successfully connected to the database","level":"info","timestamp":"2021-05-11T10:31:54.365Z"}
{"message":"Server is listening localhost: 3000","level":"info","timestamp":"2021-05-11T10:32:00.063Z"}
{"message":"Successfully connected to the database","level":"info","timestamp":"2021-05-11T10:32:00.128Z"}
{"message":"Server is listening localhost: 3000","level":"info","timestamp":"2021-05-11T10:32:03.245Z"}
{"message":"Successfully connected to the database","level":"info","timestamp":"2021-05-11T10:32:03.339Z"}
{"message":"Server is listening localhost: 3000","level":"info","timestamp":"2021-05-11T10:32:29.401Z"}
{"message":"Successfully connected to the database","level":"info","timestamp":"2021-05-11T10:32:29.457Z"}
{"message":"Server is listening localhost: 3000","level":"info","timestamp":"2021-05-11T10:32:34.868Z"}
{"message":"Successfully connected to the database","level":"info","timestamp":"2021-05-11T10:32:34.954Z"}
{"message":"Server is listening localhost: 3000","level":"info","timestamp":"2021-05-11T10:34:03.558Z"}
{"message":"Successfully connected to the database","level":"info","timestamp":"2021-05-11T10:34:03.638Z"}
{"message":"Server is listening localhost: 3000","level":"info","timestamp":"2021-05-11T10:34:48.685Z"}
{"message":"Successfully connected to the database","level":"info","timestamp":"2021-05-11T10:34:48.745Z"}
{"message":"Server is listening localhost: 3000","level":"info","timestamp":"2021-05-11T10:34:57.064Z"}
{"message":"Successfully connected to the database","level":"info","timestamp":"2021-05-11T10:34:57.113Z"}
{"message":"Server is listening localhost: 3000","level":"info","timestamp":"2021-05-11T10:35:05.160Z"}
{"message":"Successfully connected to the database","level":"info","timestamp":"2021-05-11T10:35:05.210Z"}
{"message":"Server is listening localhost: 3000","level":"info","timestamp":"2021-05-11T10:35:14.812Z"}
{"message":"Successfully connected to the database","level":"info","timestamp":"2021-05-11T10:35:14.873Z"}
{"message":"Server is listening localhost: 3000","level":"info","timestamp":"2021-05-11T10:39:10.645Z"}
{"message":"Successfully connected to the database","level":"info","timestamp":"2021-05-11T10:39:10.707Z"}
{"message":"Server is listening localhost: 3000","level":"info","timestamp":"2021-05-11T10:39:13.473Z"}
{"message":"Successfully connected to the database","level":"info","timestamp":"2021-05-11T10:39:13.525Z"}
{"message":"Server is listening localhost: 3000","level":"info","timestamp":"2021-05-11T10:39:22.718Z"}
{"message":"Successfully connected to the database","level":"info","timestamp":"2021-05-11T10:39:22.803Z"}
{"message":"Server is listening localhost: 3000","level":"info","timestamp":"2021-05-11T10:39:35.676Z"}
{"message":"Successfully connected to the database","level":"info","timestamp":"2021-05-11T10:39:35.732Z"}
{"message":"Server is listening localhost: 3000","level":"info","timestamp":"2021-05-11T10:39:39.763Z"}
{"message":"Successfully connected to the database","level":"info","timestamp":"2021-05-11T10:39:39.820Z"}
{"message":"Server is listening localhost: 3000","level":"info","timestamp":"2021-05-11T10:39:51.278Z"}
{"message":"Successfully connected to the database","level":"info","timestamp":"2021-05-11T10:39:51.323Z"}
{"message":"Server is listening localhost: 3000","level":"info","timestamp":"2021-05-11T10:39:58.479Z"}
{"message":"Successfully connected to the database","level":"info","timestamp":"2021-05-11T10:39:58.533Z"}
{"message":"Server is listening localhost: 3000","level":"info","timestamp":"2021-05-11T10:40:33.051Z"}
{"message":"Successfully connected to the database","level":"info","timestamp":"2021-05-11T10:40:33.119Z"}
{"message":"Server is listening localhost: 3000","level":"info","timestamp":"2021-05-11T10:40:45.268Z"}
{"message":"Successfully connected to the database","level":"info","timestamp":"2021-05-11T10:40:45.347Z"}
{"message":"Server is listening localhost: 3000","level":"info","timestamp":"2021-05-11T10:40:54.055Z"}
{"message":"Successfully connected to the database","level":"info","timestamp":"2021-05-11T10:40:54.129Z"}
{"message":"Server is listening localhost: 3000","level":"info","timestamp":"2021-05-11T10:40:58.259Z"}
{"message":"Successfully connected to the database","level":"info","timestamp":"2021-05-11T10:40:58.320Z"}
{"message":"Server is listening localhost: 3000","level":"info","timestamp":"2021-05-11T10:41:34.914Z"}
{"message":"Successfully connected to the database","level":"info","timestamp":"2021-05-11T10:41:34.977Z"}
{"message":"Server is listening localhost: 3000","level":"info","timestamp":"2021-05-11T10:42:22.906Z"}
{"message":"Successfully connected to the database","level":"info","timestamp":"2021-05-11T10:42:22.969Z"}
{"message":"Server is listening localhost: 3000","level":"info","timestamp":"2021-05-11T10:42:25.535Z"}
{"message":"Successfully connected to the database","level":"info","timestamp":"2021-05-11T10:42:25.600Z"}
{"message":"Server is listening localhost: 3000","level":"info","timestamp":"2021-05-11T10:42:50.484Z"}
{"message":"Successfully connected to the database","level":"info","timestamp":"2021-05-11T10:42:50.542Z"}
{"message":"Server is listening localhost: 3000","level":"info","timestamp":"2021-05-11T10:43:18.603Z"}
{"message":"Successfully connected to the database","level":"info","timestamp":"2021-05-11T10:43:18.684Z"}
{"message":"Server is listening localhost: 3000","level":"info","timestamp":"2021-05-11T10:44:37.574Z"}
{"message":"Successfully connected to the database","level":"info","timestamp":"2021-05-11T10:44:37.631Z"}
{"message":"Server is listening localhost: 3000","level":"info","timestamp":"2021-05-11T10:45:07.759Z"}
{"message":"Successfully connected to the database","level":"info","timestamp":"2021-05-11T10:45:07.808Z"}
{"message":"Server is listening localhost: 3000","level":"info","timestamp":"2021-05-11T10:45:17.757Z"}
{"message":"Successfully connected to the database","level":"info","timestamp":"2021-05-11T10:45:17.818Z"}
{"message":"Server is listening localhost: 3000","level":"info","timestamp":"2021-05-11T10:45:22.088Z"}
{"message":"Successfully connected to the database","level":"info","timestamp":"2021-05-11T10:45:22.140Z"}
{"message":"Server is listening localhost: 3000","level":"info","timestamp":"2021-05-11T10:48:07.333Z"}
{"message":"Successfully connected to the database","level":"info","timestamp":"2021-05-11T10:48:07.394Z"}
{"message":"Server is listening localhost: 3000","level":"info","timestamp":"2021-05-11T10:49:49.757Z"}
{"message":"Successfully connected to the database","level":"info","timestamp":"2021-05-11T10:49:49.812Z"}
{"message":"Server is listening localhost: 3000","level":"info","timestamp":"2021-05-11T10:49:56.884Z"}
{"message":"Successfully connected to the database","level":"info","timestamp":"2021-05-11T10:49:56.949Z"}
{"message":"Server is listening localhost: 3000","level":"info","timestamp":"2021-05-11T10:50:04.578Z"}
{"message":"Successfully connected to the database","level":"info","timestamp":"2021-05-11T10:50:04.628Z"}
{"message":"Server is listening localhost: 3000","level":"info","timestamp":"2021-05-11T10:50:37.099Z"}
{"message":"Successfully connected to the database","level":"info","timestamp":"2021-05-11T10:50:37.230Z"}
{"message":"Server is listening localhost: 3000","level":"info","timestamp":"2021-05-11T10:51:20.419Z"}
{"message":"Successfully connected to the database","level":"info","timestamp":"2021-05-11T10:51:20.463Z"}
{"message":"Server is listening localhost: 3000","level":"info","timestamp":"2021-05-11T10:51:29.974Z"}
{"message":"Successfully connected to the database","level":"info","timestamp":"2021-05-11T10:51:30.043Z"}
{"message":"Server is listening localhost: 3000","level":"info","timestamp":"2021-05-11T10:51:36.973Z"}
{"message":"Successfully connected to the database","level":"info","timestamp":"2021-05-11T10:51:37.071Z"}
{"message":"Server is listening localhost: 3000","level":"info","timestamp":"2021-05-11T10:51:43.452Z"}
{"message":"Successfully connected to the database","level":"info","timestamp":"2021-05-11T10:51:43.536Z"}
{"message":"Server is listening localhost: 3000","level":"info","timestamp":"2021-05-11T10:52:00.535Z"}
{"message":"Successfully connected to the database","level":"info","timestamp":"2021-05-11T10:52:00.580Z"}
{"message":"Server is listening localhost: 3000","level":"info","timestamp":"2021-05-11T10:52:08.742Z"}
{"message":"Successfully connected to the database","level":"info","timestamp":"2021-05-11T10:52:08.788Z"}
{"message":"Server is listening localhost: 3000","level":"info","timestamp":"2021-05-11T10:52:14.592Z"}
{"message":"Successfully connected to the database","level":"info","timestamp":"2021-05-11T10:52:14.642Z"}
{"message":"Server is listening localhost: 3000","level":"info","timestamp":"2021-05-11T10:52:19.808Z"}
{"message":"Successfully connected to the database","level":"info","timestamp":"2021-05-11T10:52:19.873Z"}
{"message":"Server is listening localhost: 3000","level":"info","timestamp":"2021-05-11T10:52:27.143Z"}
{"message":"Successfully connected to the database","level":"info","timestamp":"2021-05-11T10:52:27.191Z"}
{"message":"Server is listening localhost: 3000","level":"info","timestamp":"2021-05-11T10:52:35.093Z"}
{"message":"Successfully connected to the database","level":"info","timestamp":"2021-05-11T10:52:35.161Z"}
{"message":"Server is listening localhost: 3000","level":"info","timestamp":"2021-05-11T10:52:38.960Z"}
{"message":"Successfully connected to the database","level":"info","timestamp":"2021-05-11T10:52:39.019Z"}
{"message":"Server is listening localhost: 3000","level":"info","timestamp":"2021-05-11T10:52:43.492Z"}
{"message":"Successfully connected to the database","level":"info","timestamp":"2021-05-11T10:52:43.551Z"}
{"message":"Server is listening localhost: 3000","level":"info","timestamp":"2021-05-11T10:52:49.324Z"}
{"message":"Successfully connected to the database","level":"info","timestamp":"2021-05-11T10:52:49.371Z"}
{"message":"Server is listening localhost: 3000","level":"info","timestamp":"2021-05-11T10:52:54.191Z"}
{"message":"Successfully connected to the database","level":"info","timestamp":"2021-05-11T10:52:54.257Z"}
{"message":"Server is listening localhost: 3000","level":"info","timestamp":"2021-05-11T10:53:23.412Z"}
{"message":"Successfully connected to the database","level":"info","timestamp":"2021-05-11T10:53:23.475Z"}
{"message":"Server is listening localhost: 3000","level":"info","timestamp":"2021-05-11T10:53:42.598Z"}
{"message":"Successfully connected to the database","level":"info","timestamp":"2021-05-11T10:53:42.645Z"}
{"message":"Server is listening localhost: 3000","level":"info","timestamp":"2021-05-11T10:53:54.209Z"}
{"message":"Successfully connected to the database","level":"info","timestamp":"2021-05-11T10:53:54.266Z"}
{"message":"Server is listening localhost: 3000","level":"info","timestamp":"2021-05-11T10:53:57.104Z"}
{"message":"Successfully connected to the database","level":"info","timestamp":"2021-05-11T10:53:57.154Z"}
{"message":"Server is listening localhost: 3000","level":"info","timestamp":"2021-05-11T10:54:09.490Z"}
{"message":"Successfully connected to the database","level":"info","timestamp":"2021-05-11T10:54:09.538Z"}
{"message":"Server is listening localhost: 3000","level":"info","timestamp":"2021-05-11T10:54:11.769Z"}
{"message":"Successfully connected to the database","level":"info","timestamp":"2021-05-11T10:54:11.818Z"}
{"message":"Server is listening localhost: 3000","level":"info","timestamp":"2021-05-11T10:54:19.371Z"}
{"message":"Successfully connected to the database","level":"info","timestamp":"2021-05-11T10:54:19.415Z"}
{"message":"Server is listening localhost: 3000","level":"info","timestamp":"2021-05-11T10:54:55.955Z"}
{"message":"Successfully connected to the database","level":"info","timestamp":"2021-05-11T10:54:56.007Z"}
{"message":"Server is listening localhost: 3000","level":"info","timestamp":"2021-05-11T10:55:01.506Z"}
{"message":"Successfully connected to the database","level":"info","timestamp":"2021-05-11T10:55:01.553Z"}
{"message":"Server is listening localhost: 3000","level":"info","timestamp":"2021-05-11T10:55:04.326Z"}
{"message":"Successfully connected to the database","level":"info","timestamp":"2021-05-11T10:55:04.380Z"}
{"message":"Server is listening localhost: 3000","level":"info","timestamp":"2021-05-11T10:55:06.699Z"}
{"message":"Successfully connected to the database","level":"info","timestamp":"2021-05-11T10:55:06.750Z"}
{"message":"Server is listening localhost: 3000","level":"info","timestamp":"2021-05-11T10:55:09.752Z"}
{"message":"Successfully connected to the database","level":"info","timestamp":"2021-05-11T10:55:09.802Z"}
{"message":"Server is listening localhost: 3000","level":"info","timestamp":"2021-05-11T10:55:16.230Z"}
{"message":"Successfully connected to the database","level":"info","timestamp":"2021-05-11T10:55:16.310Z"}
{"message":"Server is listening localhost: 3000","level":"info","timestamp":"2021-05-11T10:55:28.425Z"}
{"message":"Successfully connected to the database","level":"info","timestamp":"2021-05-11T10:55:28.473Z"}
{"message":"Server is listening localhost: 3000","level":"info","timestamp":"2021-05-11T10:55:36.110Z"}
{"message":"Successfully connected to the database","level":"info","timestamp":"2021-05-11T10:55:36.167Z"}
{"message":"Server is listening localhost: 3000","level":"info","timestamp":"2021-05-11T10:55:39.582Z"}
{"message":"Successfully connected to the database","level":"info","timestamp":"2021-05-11T10:55:39.637Z"}
{"message":"Server is listening localhost: 3000","level":"info","timestamp":"2021-05-11T10:55:44.678Z"}
{"message":"Successfully connected to the database","level":"info","timestamp":"2021-05-11T10:55:44.729Z"}
{"message":"Server is listening localhost: 3000","level":"info","timestamp":"2021-05-11T10:55:48.221Z"}
{"message":"Successfully connected to the database","level":"info","timestamp":"2021-05-11T10:55:48.275Z"}
{"message":"Server is listening localhost: 3000","level":"info","timestamp":"2021-05-11T10:55:51.774Z"}
{"message":"Successfully connected to the database","level":"info","timestamp":"2021-05-11T10:55:51.858Z"}
{"message":"Server is listening localhost: 3000","level":"info","timestamp":"2021-05-11T10:55:57.774Z"}
{"message":"Successfully connected to the database","level":"info","timestamp":"2021-05-11T10:55:57.868Z"}
{"message":"Server is listening localhost: 3000","level":"info","timestamp":"2021-05-11T10:55:59.975Z"}
{"message":"Successfully connected to the database","level":"info","timestamp":"2021-05-11T10:56:00.031Z"}
{"message":"Server is listening localhost: 3000","level":"info","timestamp":"2021-05-11T10:56:21.565Z"}
{"message":"Successfully connected to the database","level":"info","timestamp":"2021-05-11T10:56:21.611Z"}
{"message":"Server is listening localhost: 3000","level":"info","timestamp":"2021-05-11T10:56:24.857Z"}
{"message":"Successfully connected to the database","level":"info","timestamp":"2021-05-11T10:56:24.907Z"}
{"message":"Server is listening localhost: 3000","level":"info","timestamp":"2021-05-11T10:56:41.434Z"}
{"message":"Successfully connected to the database","level":"info","timestamp":"2021-05-11T10:56:41.489Z"}
{"message":"Server is listening localhost: 3000","level":"info","timestamp":"2021-05-11T10:56:46.553Z"}
{"message":"Successfully connected to the database","level":"info","timestamp":"2021-05-11T10:56:46.607Z"}
{"message":"Server is listening localhost: 3000","level":"info","timestamp":"2021-05-11T11:00:12.939Z"}
{"message":"Successfully connected to the database","level":"info","timestamp":"2021-05-11T11:00:13.011Z"}
{"message":"Server is listening localhost: 3000","level":"info","timestamp":"2021-05-11T11:00:41.509Z"}
{"message":"Successfully connected to the database","level":"info","timestamp":"2021-05-11T11:00:41.562Z"}
{"message":"Server is listening localhost: 3000","level":"info","timestamp":"2021-05-11T11:00:51.163Z"}
{"message":"Successfully connected to the database","level":"info","timestamp":"2021-05-11T11:00:51.214Z"}
{"message":"Server is listening localhost: 3000","level":"info","timestamp":"2021-05-11T11:01:02.086Z"}
{"message":"Successfully connected to the database","level":"info","timestamp":"2021-05-11T11:01:02.132Z"}
{"message":"Server is listening localhost: 3000","level":"info","timestamp":"2021-05-11T11:01:04.643Z"}
{"message":"Successfully connected to the database","level":"info","timestamp":"2021-05-11T11:01:04.699Z"}
{"message":"Server is listening localhost: 3000","level":"info","timestamp":"2021-05-11T11:01:08.751Z"}
{"message":"Successfully connected to the database","level":"info","timestamp":"2021-05-11T11:01:08.863Z"}
{"message":"Server is listening localhost: 3000","level":"info","timestamp":"2021-05-11T11:01:10.974Z"}
{"message":"Successfully connected to the database","level":"info","timestamp":"2021-05-11T11:01:11.029Z"}
{"message":"Server is listening localhost: 3000","level":"info","timestamp":"2021-05-11T11:01:24.019Z"}
{"message":"Successfully connected to the database","level":"info","timestamp":"2021-05-11T11:01:24.114Z"}
{"message":"Server is listening localhost: 3000","level":"info","timestamp":"2021-05-11T11:01:26.160Z"}
{"message":"Successfully connected to the database","level":"info","timestamp":"2021-05-11T11:01:26.212Z"}
{"message":"Server is listening localhost: 3000","level":"info","timestamp":"2021-05-11T11:01:40.222Z"}
{"message":"Successfully connected to the database","level":"info","timestamp":"2021-05-11T11:01:40.272Z"}
{"message":"Server is listening localhost: 3000","level":"info","timestamp":"2021-05-11T11:01:43.304Z"}
{"message":"Successfully connected to the database","level":"info","timestamp":"2021-05-11T11:01:43.359Z"}
{"message":"Server is listening localhost: 3000","level":"info","timestamp":"2021-05-11T11:01:49.281Z"}
{"message":"Successfully connected to the database","level":"info","timestamp":"2021-05-11T11:01:49.334Z"}
{"message":"Server is listening localhost: 3000","level":"info","timestamp":"2021-05-11T11:01:56.922Z"}
{"message":"Successfully connected to the database","level":"info","timestamp":"2021-05-11T11:01:56.973Z"}
{"message":"Server is listening localhost: 3000","level":"info","timestamp":"2021-05-11T11:02:04.804Z"}
{"message":"Successfully connected to the database","level":"info","timestamp":"2021-05-11T11:02:04.864Z"}
{"message":"Server is listening localhost: 3000","level":"info","timestamp":"2021-05-11T11:02:07.344Z"}
{"message":"Successfully connected to the database","level":"info","timestamp":"2021-05-11T11:02:07.422Z"}
{"message":"Server is listening localhost: 3000","level":"info","timestamp":"2021-05-11T11:02:10.044Z"}
{"message":"Successfully connected to the database","level":"info","timestamp":"2021-05-11T11:02:10.088Z"}
{"message":"Server is listening localhost: 3000","level":"info","timestamp":"2021-05-11T11:02:18.042Z"}
{"message":"Successfully connected to the database","level":"info","timestamp":"2021-05-11T11:02:18.097Z"}
{"message":"Server is listening localhost: 3000","level":"info","timestamp":"2021-05-11T11:02:20.583Z"}
{"message":"Successfully connected to the database","level":"info","timestamp":"2021-05-11T11:02:20.635Z"}
{"message":"Server is listening localhost: 3000","level":"info","timestamp":"2021-05-11T11:02:23.910Z"}
{"message":"Server is listening localhost: 3000","level":"info","timestamp":"2021-05-11T11:02:26.223Z"}
{"message":"Successfully connected to the database","level":"info","timestamp":"2021-05-11T11:02:26.295Z"}
{"message":"Server is listening localhost: 3000","level":"info","timestamp":"2021-05-11T11:02:39.543Z"}
{"message":"Successfully connected to the database","level":"info","timestamp":"2021-05-11T11:02:39.601Z"}
{"message":"Server is listening localhost: 3000","level":"info","timestamp":"2021-05-11T11:02:50.064Z"}
{"message":"Successfully connected to the database","level":"info","timestamp":"2021-05-11T11:02:50.109Z"}
{"message":"Server is listening localhost: 3000","level":"info","timestamp":"2021-05-11T11:02:54.622Z"}
{"message":"Successfully connected to the database","level":"info","timestamp":"2021-05-11T11:02:54.710Z"}
{"message":"Server is listening localhost: 3000","level":"info","timestamp":"2021-05-11T11:03:03.683Z"}
{"message":"Successfully connected to the database","level":"info","timestamp":"2021-05-11T11:03:03.733Z"}
{"message":"Server is listening localhost: 3000","level":"info","timestamp":"2021-05-11T11:03:13.896Z"}
{"message":"Successfully connected to the database","level":"info","timestamp":"2021-05-11T11:03:13.956Z"}
{"message":"Server is listening localhost: 3000","level":"info","timestamp":"2021-05-11T11:03:27.439Z"}
{"message":"Successfully connected to the database","level":"info","timestamp":"2021-05-11T11:03:27.528Z"}
{"message":"Server is listening localhost: 3000","level":"info","timestamp":"2021-05-11T11:03:30.110Z"}
{"message":"Successfully connected to the database","level":"info","timestamp":"2021-05-11T11:03:30.169Z"}
{"message":"Server is listening localhost: 3000","level":"info","timestamp":"2021-05-11T11:03:34.149Z"}
{"message":"Successfully connected to the database","level":"info","timestamp":"2021-05-11T11:03:34.197Z"}
{"message":"Server is listening localhost: 3000","level":"info","timestamp":"2021-05-11T11:03:36.934Z"}
{"message":"Successfully connected to the database","level":"info","timestamp":"2021-05-11T11:03:36.985Z"}
{"message":"Server is listening localhost: 3000","level":"info","timestamp":"2021-05-11T11:03:46.797Z"}
{"message":"Successfully connected to the database","level":"info","timestamp":"2021-05-11T11:03:46.842Z"}
{"message":"Server is listening localhost: 3000","level":"info","timestamp":"2021-05-11T11:03:58.629Z"}
{"message":"Successfully connected to the database","level":"info","timestamp":"2021-05-11T11:03:58.678Z"}
{"message":"Server is listening localhost: 3000","level":"info","timestamp":"2021-05-11T11:04:06.197Z"}
{"message":"Successfully connected to the database","level":"info","timestamp":"2021-05-11T11:04:06.250Z"}
{"message":"Server is listening localhost: 3000","level":"info","timestamp":"2021-05-11T11:04:11.368Z"}
{"message":"Successfully connected to the database","level":"info","timestamp":"2021-05-11T11:04:11.422Z"}
{"message":"Server is listening localhost: 3000","level":"info","timestamp":"2021-05-11T11:04:15.033Z"}
{"message":"Successfully connected to the database","level":"info","timestamp":"2021-05-11T11:04:15.120Z"}
{"message":"Server is listening localhost: 3000","level":"info","timestamp":"2021-05-11T11:05:03.629Z"}
{"message":"Successfully connected to the database","level":"info","timestamp":"2021-05-11T11:05:03.688Z"}
{"message":"Server is listening localhost: 3000","level":"info","timestamp":"2021-05-11T11:05:14.739Z"}
{"message":"Successfully connected to the database","level":"info","timestamp":"2021-05-11T11:05:14.788Z"}
{"message":"Server is listening localhost: 3000","level":"info","timestamp":"2021-05-11T11:05:22.826Z"}
{"message":"Successfully connected to the database","level":"info","timestamp":"2021-05-11T11:05:22.870Z"}
{"message":"Server is listening localhost: 3000","level":"info","timestamp":"2021-05-11T11:05:28.420Z"}
{"message":"Successfully connected to the database","level":"info","timestamp":"2021-05-11T11:05:28.479Z"}
{"message":"Server is listening localhost: 3000","level":"info","timestamp":"2021-05-11T11:05:37.788Z"}
{"message":"Successfully connected to the database","level":"info","timestamp":"2021-05-11T11:05:37.843Z"}
{"message":"Server is listening localhost: 3000","level":"info","timestamp":"2021-05-11T11:05:41.267Z"}
{"message":"Successfully connected to the database","level":"info","timestamp":"2021-05-11T11:05:41.316Z"}
{"message":"Server is listening localhost: 3000","level":"info","timestamp":"2021-05-11T11:05:45.798Z"}
{"message":"Successfully connected to the database","level":"info","timestamp":"2021-05-11T11:05:45.862Z"}
{"message":"Server is listening localhost: 3000","level":"info","timestamp":"2021-05-11T11:05:52.598Z"}
{"message":"Successfully connected to the database","level":"info","timestamp":"2021-05-11T11:05:52.656Z"}
{"message":"Server is listening localhost: 3000","level":"info","timestamp":"2021-05-11T11:05:56.592Z"}
{"message":"Successfully connected to the database","level":"info","timestamp":"2021-05-11T11:05:56.645Z"}
{"message":"Server is listening localhost: 3000","level":"info","timestamp":"2021-05-11T11:06:09.333Z"}
{"message":"Successfully connected to the database","level":"info","timestamp":"2021-05-11T11:06:09.381Z"}
{"message":"Server is listening localhost: 3000","level":"info","timestamp":"2021-05-11T11:06:12.996Z"}
{"message":"Successfully connected to the database","level":"info","timestamp":"2021-05-11T11:06:13.049Z"}
{"message":"Server is listening localhost: 3000","level":"info","timestamp":"2021-05-11T11:11:30.379Z"}
{"message":"Successfully connected to the database","level":"info","timestamp":"2021-05-11T11:11:30.428Z"}
{"message":"Server is listening localhost: 3000","level":"info","timestamp":"2021-05-11T11:14:10.722Z"}
{"message":"Successfully connected to the database","level":"info","timestamp":"2021-05-11T11:14:10.767Z"}
{"message":"Server is listening localhost: 3000","level":"info","timestamp":"2021-05-11T11:15:10.802Z"}
{"message":"Successfully connected to the database","level":"info","timestamp":"2021-05-11T11:15:10.853Z"}
{"message":"Server is listening localhost: 3000","level":"info","timestamp":"2021-05-11T11:17:30.677Z"}
{"message":"Successfully connected to the database","level":"info","timestamp":"2021-05-11T11:17:30.722Z"}
{"message":"Server is listening localhost: 3000","level":"info","timestamp":"2021-05-11T11:17:33.515Z"}
{"message":"Successfully connected to the database","level":"info","timestamp":"2021-05-11T11:17:33.564Z"}
{"message":"Server is listening localhost: 3000","level":"info","timestamp":"2021-05-11T11:20:36.628Z"}
{"message":"Successfully connected to the database","level":"info","timestamp":"2021-05-11T11:20:36.708Z"}
{"message":"Server is listening localhost: 3000","level":"info","timestamp":"2021-05-11T11:20:43.731Z"}
{"message":"Successfully connected to the database","level":"info","timestamp":"2021-05-11T11:20:43.788Z"}
{"message":"Server is listening localhost: 3000","level":"info","timestamp":"2021-05-11T11:20:48.412Z"}
{"message":"Successfully connected to the database","level":"info","timestamp":"2021-05-11T11:20:48.542Z"}
{"message":"Server is listening localhost: 3000","level":"info","timestamp":"2021-05-11T11:21:09.514Z"}
{"message":"Successfully connected to the database","level":"info","timestamp":"2021-05-11T11:21:09.577Z"}
{"message":"Server is listening localhost: 3000","level":"info","timestamp":"2021-05-11T11:21:15.561Z"}
{"message":"Successfully connected to the database","level":"info","timestamp":"2021-05-11T11:21:15.634Z"}
{"message":"Server is listening localhost: 3000","level":"info","timestamp":"2021-05-11T11:21:29.200Z"}
{"message":"Successfully connected to the database","level":"info","timestamp":"2021-05-11T11:21:29.259Z"}
{"message":"Server is listening localhost: 3000","level":"info","timestamp":"2021-05-11T11:24:13.041Z"}
{"message":"Successfully connected to the database","level":"info","timestamp":"2021-05-11T11:24:13.164Z"}
{"message":"Server is listening localhost: 3000","level":"info","timestamp":"2021-05-11T11:24:41.847Z"}
{"message":"Successfully connected to the database","level":"info","timestamp":"2021-05-11T11:24:41.923Z"}
{"message":"Server is listening localhost: 3000","level":"info","timestamp":"2021-05-11T11:24:47.662Z"}
{"message":"Successfully connected to the database","level":"info","timestamp":"2021-05-11T11:24:47.751Z"}
{"message":"Server is listening localhost: 3000","level":"info","timestamp":"2021-05-11T11:24:49.772Z"}
{"message":"Successfully connected to the database","level":"info","timestamp":"2021-05-11T11:24:49.831Z"}
{"message":"Server is listening localhost: 3000","level":"info","timestamp":"2021-05-11T11:28:38.356Z"}
{"message":"Successfully connected to the database","level":"info","timestamp":"2021-05-11T11:28:38.420Z"}
{"message":"Server is listening localhost: 3000","level":"info","timestamp":"2021-05-11T11:28:43.133Z"}
{"message":"Successfully connected to the database","level":"info","timestamp":"2021-05-11T11:28:43.296Z"}
{"message":"login success!","level":"info","timestamp":"2021-05-11T11:28:57.129Z"}
{"message":"login success!","level":"info","timestamp":"2021-05-11T11:29:09.353Z"}
{"message":"Server is listening localhost: 3000","level":"info","timestamp":"2021-05-11T11:32:18.206Z"}
{"message":"Successfully connected to the database","level":"info","timestamp":"2021-05-11T11:32:18.258Z"}
{"message":"Server is listening localhost: 3000","level":"info","timestamp":"2021-05-11T11:32:54.164Z"}
{"message":"Successfully connected to the database","level":"info","timestamp":"2021-05-11T11:32:54.209Z"}
{"message":"Server is listening localhost: 3000","level":"info","timestamp":"2021-05-11T11:33:01.763Z"}
{"message":"Successfully connected to the database","level":"info","timestamp":"2021-05-11T11:33:01.812Z"}
{"message":"Server is listening localhost: 3000","level":"info","timestamp":"2021-05-11T11:33:21.767Z"}
{"message":"Successfully connected to the database","level":"info","timestamp":"2021-05-11T11:33:21.819Z"}
{"message":"Server is listening localhost: 3000","level":"info","timestamp":"2021-05-11T11:33:24.696Z"}
{"message":"Successfully connected to the database","level":"info","timestamp":"2021-05-11T11:33:24.741Z"}
{"message":"Server is listening localhost: 3000","level":"info","timestamp":"2021-05-11T11:33:27.002Z"}
{"message":"Successfully connected to the database","level":"info","timestamp":"2021-05-11T11:33:27.054Z"}
{"message":"Server is listening localhost: 3000","level":"info","timestamp":"2021-05-11T11:33:29.489Z"}
{"message":"Successfully connected to the database","level":"info","timestamp":"2021-05-11T11:33:29.534Z"}
{"message":"login success!","level":"info","timestamp":"2021-05-11T11:35:26.570Z"}
{"message":"login success!","level":"info","timestamp":"2021-05-11T11:35:27.879Z"}
{"message":"Server is listening localhost: 3000","level":"info","timestamp":"2021-05-11T11:36:36.763Z"}
{"message":"Successfully connected to the database","level":"info","timestamp":"2021-05-11T11:36:36.812Z"}
{"message":"Server is listening localhost: 3000","level":"info","timestamp":"2021-05-11T11:36:40.229Z"}
{"message":"Successfully connected to the database","level":"info","timestamp":"2021-05-11T11:36:40.276Z"}
{"message":"Server is listening localhost: 3000","level":"info","timestamp":"2021-05-11T11:36:44.447Z"}
{"message":"Successfully connected to the database","level":"info","timestamp":"2021-05-11T11:36:44.491Z"}
{"message":"Server is listening localhost: 3000","level":"info","timestamp":"2021-05-11T11:36:51.137Z"}
{"message":"Successfully connected to the database","level":"info","timestamp":"2021-05-11T11:36:51.182Z"}
{"message":"Server is listening localhost: 3000","level":"info","timestamp":"2021-05-11T11:37:00.345Z"}
{"message":"Successfully connected to the database","level":"info","timestamp":"2021-05-11T11:37:00.486Z"}
{"message":"Server is listening localhost: 3000","level":"info","timestamp":"2021-05-11T11:37:08.762Z"}
{"message":"Successfully connected to the database","level":"info","timestamp":"2021-05-11T11:37:08.807Z"}
{"message":"Server is listening localhost: 3000","level":"info","timestamp":"2021-05-11T11:37:18.816Z"}
{"message":"Successfully connected to the database","level":"info","timestamp":"2021-05-11T11:37:18.861Z"}
{"message":"Server is listening localhost: 3000","level":"info","timestamp":"2021-05-11T11:37:21.430Z"}
{"message":"Successfully connected to the database","level":"info","timestamp":"2021-05-11T11:37:21.477Z"}
{"message":"Server is listening localhost: 3000","level":"info","timestamp":"2021-05-11T11:37:25.718Z"}
{"message":"Successfully connected to the database","level":"info","timestamp":"2021-05-11T11:37:25.765Z"}
{"message":"Server is listening localhost: 3000","level":"info","timestamp":"2021-05-11T11:37:30.018Z"}
{"message":"Successfully connected to the database","level":"info","timestamp":"2021-05-11T11:37:30.075Z"}
{"message":"Server is listening localhost: 3000","level":"info","timestamp":"2021-05-11T11:37:42.378Z"}
{"message":"Successfully connected to the database","level":"info","timestamp":"2021-05-11T11:37:42.425Z"}
{"message":"Server is listening localhost: 3000","level":"info","timestamp":"2021-05-11T11:38:44.560Z"}
{"message":"Successfully connected to the database","level":"info","timestamp":"2021-05-11T11:38:44.608Z"}
{"message":"Server is listening localhost: 3000","level":"info","timestamp":"2021-05-11T11:38:47.095Z"}
{"message":"Successfully connected to the database","level":"info","timestamp":"2021-05-11T11:38:47.139Z"}
{"message":"Server is listening localhost: 3000","level":"info","timestamp":"2021-05-11T11:38:53.028Z"}
{"message":"Successfully connected to the database","level":"info","timestamp":"2021-05-11T11:38:53.072Z"}
{"message":"Server is listening localhost: 3000","level":"info","timestamp":"2021-05-11T11:38:55.259Z"}
{"message":"Successfully connected to the database","level":"info","timestamp":"2021-05-11T11:38:55.311Z"}
{"message":"Server is listening localhost: 3000","level":"info","timestamp":"2021-05-11T11:38:57.406Z"}
{"message":"Successfully connected to the database","level":"info","timestamp":"2021-05-11T11:38:57.468Z"}
{"message":"Server is listening localhost: 3000","level":"info","timestamp":"2021-05-11T11:39:05.563Z"}
{"message":"Successfully connected to the database","level":"info","timestamp":"2021-05-11T11:39:05.615Z"}
{"message":"Server is listening localhost: 3000","level":"info","timestamp":"2021-05-11T11:39:26.266Z"}
{"message":"Successfully connected to the database","level":"info","timestamp":"2021-05-11T11:39:26.313Z"}
{"message":"Server is listening localhost: 3000","level":"info","timestamp":"2021-05-11T11:39:39.479Z"}
{"message":"Successfully connected to the database","level":"info","timestamp":"2021-05-11T11:39:39.526Z"}
{"message":"Server is listening localhost: 3000","level":"info","timestamp":"2021-05-11T11:39:52.600Z"}
{"message":"Successfully connected to the database","level":"info","timestamp":"2021-05-11T11:39:52.649Z"}
{"message":"Server is listening localhost: 3000","level":"info","timestamp":"2021-05-11T11:39:54.613Z"}
{"message":"Successfully connected to the database","level":"info","timestamp":"2021-05-11T11:39:54.662Z"}
{"message":"Server is listening localhost: 3000","level":"info","timestamp":"2021-05-11T11:40:10.933Z"}
{"message":"Successfully connected to the database","level":"info","timestamp":"2021-05-11T11:40:11.007Z"}
{"message":"Server is listening localhost: 3000","level":"info","timestamp":"2021-05-11T11:40:12.718Z"}
{"message":"Successfully connected to the database","level":"info","timestamp":"2021-05-11T11:40:12.762Z"}
{"message":"Server is listening localhost: 3000","level":"info","timestamp":"2021-05-11T11:40:15.271Z"}
{"message":"Successfully connected to the database","level":"info","timestamp":"2021-05-11T11:40:15.321Z"}
{"message":"Server is listening localhost: 3000","level":"info","timestamp":"2021-05-11T11:41:03.403Z"}
{"message":"Successfully connected to the database","level":"info","timestamp":"2021-05-11T11:41:03.451Z"}
{"message":"Server is listening localhost: 3000","level":"info","timestamp":"2021-05-11T11:41:08.255Z"}
{"message":"Successfully connected to the database","level":"info","timestamp":"2021-05-11T11:41:08.321Z"}
{"message":"Server is listening localhost: 3000","level":"info","timestamp":"2021-05-11T11:41:11.694Z"}
{"message":"Successfully connected to the database","level":"info","timestamp":"2021-05-11T11:41:11.740Z"}
{"message":"Server is listening localhost: 3000","level":"info","timestamp":"2021-05-11T11:41:25.015Z"}
{"message":"Successfully connected to the database","level":"info","timestamp":"2021-05-11T11:41:25.059Z"}
{"message":"Server is listening localhost: 3000","level":"info","timestamp":"2021-05-11T11:41:51.289Z"}
{"message":"Successfully connected to the database","level":"info","timestamp":"2021-05-11T11:41:51.335Z"}
{"message":"Server is listening localhost: 3000","level":"info","timestamp":"2021-05-11T11:41:59.387Z"}
{"message":"Successfully connected to the database","level":"info","timestamp":"2021-05-11T11:41:59.433Z"}
{"message":"Server is listening localhost: 3000","level":"info","timestamp":"2021-05-11T11:42:05.631Z"}
{"message":"Successfully connected to the database","level":"info","timestamp":"2021-05-11T11:42:05.734Z"}
{"message":"Server is listening localhost: 3000","level":"info","timestamp":"2021-05-11T11:46:17.865Z"}
{"message":"Successfully connected to the database","level":"info","timestamp":"2021-05-11T11:46:17.998Z"}
{"message":"Server is listening localhost: 3000","level":"info","timestamp":"2021-05-11T11:46:37.119Z"}
{"message":"Successfully connected to the database","level":"info","timestamp":"2021-05-11T11:46:37.173Z"}
